<?xml version="1.0" encoding="UTF-8"?>
<coverage generated="1745345089646" clover="3.2.0">
  <project timestamp="1745345089647" name="All files">
    <metrics statements="24" coveredstatements="21" conditionals="10" coveredconditionals="6" methods="3" coveredmethods="3" elements="37" coveredelements="30" complexity="0" loc="24" ncloc="24" packages="1" files="1" classes="1"/>
    <file name="HomePage.jsx" path="C:\Users\allie\OneDrive\Documents\GitHub\Coup2\client\my-react-app\src\Components\Home\HomePage.jsx">
      <metrics statements="24" coveredstatements="21" conditionals="10" coveredconditionals="6" methods="3" coveredmethods="3"/>
      <line num="6" count="1" type="stmt"/>
      <line num="7" count="4" type="stmt"/>
      <line num="8" count="4" type="stmt"/>
      <line num="10" count="4" type="stmt"/>
      <line num="11" count="4" type="stmt"/>
      <line num="12" count="4" type="stmt"/>
      <line num="14" count="4" type="stmt"/>
      <line num="15" count="2" type="stmt"/>
      <line num="16" count="2" type="stmt"/>
      <line num="18" count="2" type="cond" truecount="2" falsecount="0"/>
      <line num="19" count="1" type="stmt"/>
      <line num="22" count="1" type="stmt"/>
      <line num="23" count="1" type="cond" truecount="3" falsecount="1"/>
      <line num="24" count="1" type="stmt"/>
      <line num="25" count="1" type="stmt"/>
      <line num="26" count="1" type="stmt"/>
      <line num="27" count="1" type="cond" truecount="1" falsecount="1"/>
      <line num="28" count="1" type="stmt"/>
      <line num="30" count="0" type="cond" truecount="0" falsecount="2"/>
      <line num="34" count="0" type="stmt"/>
      <line num="35" count="0" type="stmt"/>
      <line num="38" count="1" type="stmt"/>
      <line num="39" count="1" type="stmt"/>
      <line num="43" count="4" type="stmt"/>
    </file>
  </project>
</coverage>
