{"C:\\Users\\allie\\OneDrive\\Documents\\GitHub\\Coup2\\client\\my-react-app\\src\\Components\\Home\\HomePage.jsx": {"path":"C:\\Users\\allie\\OneDrive\\Documents\\GitHub\\Coup2\\client\\my-react-app\\src\\Components\\Home\\HomePage.jsx","statementMap":{"0":{"start":{"line":6,"column":17},"end":{"line":71,"column":1}},"1":{"start":{"line":7,"column":19},"end":{"line":7,"column":32}},"2":{"start":{"line":8,"column":17},"end":{"line":8,"column":28}},"3":{"start":{"line":10,"column":20},"end":{"line":10,"column":55}},"4":{"start":{"line":11,"column":19},"end":{"line":11,"column":51}},"5":{"start":{"line":12,"column":28},"end":{"line":12,"column":42}},"6":{"start":{"line":14,"column":27},"end":{"line":41,"column":3}},"7":{"start":{"line":15,"column":4},"end":{"line":40,"column":5}},"8":{"start":{"line":16,"column":23},"end":{"line":16,"column":71}},"9":{"start":{"line":18,"column":6},"end":{"line":20,"column":7}},"10":{"start":{"line":19,"column":8},"end":{"line":19,"column":66}},"11":{"start":{"line":22,"column":26},"end":{"line":22,"column":62}},"12":{"start":{"line":23,"column":6},"end":{"line":36,"column":7}},"13":{"start":{"line":24,"column":21},"end":{"line":24,"column":42}},"14":{"start":{"line":25,"column":26},"end":{"line":25,"column":36}},"15":{"start":{"line":26,"column":8},"end":{"line":32,"column":11}},"16":{"start":{"line":27,"column":10},"end":{"line":31,"column":11}},"17":{"start":{"line":28,"column":12},"end":{"line":28,"column":85}},"18":{"start":{"line":30,"column":12},"end":{"line":30,"column":61}},"19":{"start":{"line":34,"column":21},"end":{"line":34,"column":42}},"20":{"start":{"line":35,"column":8},"end":{"line":35,"column":60}},"21":{"start":{"line":38,"column":6},"end":{"line":38,"column":50}},"22":{"start":{"line":39,"column":6},"end":{"line":39,"column":40}},"23":{"start":{"line":43,"column":2},"end":{"line":70,"column":4}}},"fnMap":{"0":{"name":"(anonymous_0)","decl":{"start":{"line":6,"column":17},"end":{"line":6,"column":18}},"loc":{"start":{"line":6,"column":23},"end":{"line":71,"column":1}},"line":6},"1":{"name":"(anonymous_1)","decl":{"start":{"line":14,"column":27},"end":{"line":14,"column":28}},"loc":{"start":{"line":14,"column":39},"end":{"line":41,"column":3}},"line":14},"2":{"name":"(anonymous_2)","decl":{"start":{"line":26,"column":76},"end":{"line":26,"column":77}},"loc":{"start":{"line":26,"column":85},"end":{"line":32,"column":9}},"line":26}},"branchMap":{"0":{"loc":{"start":{"line":18,"column":6},"end":{"line":20,"column":7}},"type":"if","locations":[{"start":{"line":18,"column":6},"end":{"line":20,"column":7}},{"start":{},"end":{}}],"line":18},"1":{"loc":{"start":{"line":23,"column":6},"end":{"line":36,"column":7}},"type":"if","locations":[{"start":{"line":23,"column":6},"end":{"line":36,"column":7}},{"start":{"line":33,"column":13},"end":{"line":36,"column":7}}],"line":23},"2":{"loc":{"start":{"line":23,"column":10},"end":{"line":23,"column":65}},"type":"binary-expr","locations":[{"start":{"line":23,"column":10},"end":{"line":23,"column":21}},{"start":{"line":23,"column":25},"end":{"line":23,"column":65}}],"line":23},"3":{"loc":{"start":{"line":27,"column":10},"end":{"line":31,"column":11}},"type":"if","locations":[{"start":{"line":27,"column":10},"end":{"line":31,"column":11}},{"start":{"line":29,"column":17},"end":{"line":31,"column":11}}],"line":27},"4":{"loc":{"start":{"line":30,"column":21},"end":{"line":30,"column":59}},"type":"binary-expr","locations":[{"start":{"line":30,"column":21},"end":{"line":30,"column":32}},{"start":{"line":30,"column":36},"end":{"line":30,"column":59}}],"line":30}},"s":{"0":1,"1":4,"2":4,"3":4,"4":4,"5":4,"6":4,"7":2,"8":2,"9":2,"10":1,"11":1,"12":1,"13":1,"14":1,"15":1,"16":1,"17":1,"18":0,"19":0,"20":0,"21":1,"22":1,"23":4},"f":{"0":4,"1":2,"2":1},"b":{"0":[1,1],"1":[1,0],"2":[1,1],"3":[1,0],"4":[0,0]},"_coverageSchema":"1a1c01bbd47fc00a2c39e90264f33305004495a9","hash":"eb89fd302f5c592ea35445cad490ab6366b64f3a"}
,"C:\\Users\\allie\\OneDrive\\Documents\\GitHub\\Coup2\\client\\my-react-app\\src\\Components\\Lobby\\Lobby.jsx": {"path":"C:\\Users\\allie\\OneDrive\\Documents\\GitHub\\Coup2\\client\\my-react-app\\src\\Components\\Lobby\\Lobby.jsx","statementMap":{"0":{"start":{"line":9,"column":14},"end":{"line":129,"column":1}},"1":{"start":{"line":10,"column":25},"end":{"line":10,"column":42}},"2":{"start":{"line":11,"column":20},"end":{"line":11,"column":45}},"3":{"start":{"line":12,"column":17},"end":{"line":12,"column":28}},"4":{"start":{"line":13,"column":19},"end":{"line":13,"column":32}},"5":{"start":{"line":15,"column":32},"end":{"line":15,"column":44}},"6":{"start":{"line":16,"column":19},"end":{"line":16,"column":68}},"7":{"start":{"line":16,"column":60},"end":{"line":16,"column":67}},"8":{"start":{"line":17,"column":32},"end":{"line":17,"column":47}},"9":{"start":{"line":18,"column":40},"end":{"line":18,"column":55}},"10":{"start":{"line":20,"column":19},"end":{"line":20,"column":51}},"11":{"start":{"line":22,"column":2},"end":{"line":36,"column":18}},"12":{"start":{"line":23,"column":4},"end":{"line":35,"column":5}},"13":{"start":{"line":24,"column":6},"end":{"line":32,"column":75}},"14":{"start":{"line":26,"column":10},"end":{"line":28,"column":11}},"15":{"start":{"line":27,"column":12},"end":{"line":27,"column":70}},"16":{"start":{"line":29,"column":10},"end":{"line":29,"column":33}},"17":{"start":{"line":31,"column":24},"end":{"line":31,"column":48}},"18":{"start":{"line":32,"column":26},"end":{"line":32,"column":73}},"19":{"start":{"line":34,"column":6},"end":{"line":34,"column":45}},"20":{"start":{"line":38,"column":2},"end":{"line":54,"column":36}},"21":{"start":{"line":39,"column":4},"end":{"line":43,"column":7}},"22":{"start":{"line":40,"column":6},"end":{"line":40,"column":33}},"23":{"start":{"line":41,"column":22},"end":{"line":41,"column":67}},"24":{"start":{"line":41,"column":47},"end":{"line":41,"column":66}},"25":{"start":{"line":42,"column":6},"end":{"line":42,"column":42}},"26":{"start":{"line":45,"column":4},"end":{"line":48,"column":7}},"27":{"start":{"line":46,"column":6},"end":{"line":46,"column":27}},"28":{"start":{"line":47,"column":6},"end":{"line":47,"column":43}},"29":{"start":{"line":50,"column":4},"end":{"line":53,"column":6}},"30":{"start":{"line":51,"column":6},"end":{"line":51,"column":33}},"31":{"start":{"line":52,"column":6},"end":{"line":52,"column":33}},"32":{"start":{"line":57,"column":26},"end":{"line":59,"column":3}},"33":{"start":{"line":58,"column":4},"end":{"line":58,"column":45}},"34":{"start":{"line":62,"column":27},"end":{"line":65,"column":3}},"35":{"start":{"line":63,"column":4},"end":{"line":63,"column":56}},"36":{"start":{"line":64,"column":4},"end":{"line":64,"column":22}},"37":{"start":{"line":67,"column":2},"end":{"line":128,"column":4}},"38":{"start":{"line":74,"column":12},"end":{"line":79,"column":17}},"39":{"start":{"line":75,"column":26},"end":{"line":75,"column":61}},"40":{"start":{"line":77,"column":16},"end":{"line":77,"column":54}},"41":{"start":{"line":78,"column":16},"end":{"line":78,"column":58}},"42":{"start":{"line":89,"column":12},"end":{"line":94,"column":17}},"43":{"start":{"line":102,"column":12},"end":{"line":102,"column":94}},"44":{"start":{"line":103,"column":12},"end":{"line":103,"column":81}},"45":{"start":{"line":104,"column":12},"end":{"line":104,"column":33}}},"fnMap":{"0":{"name":"(anonymous_0)","decl":{"start":{"line":9,"column":14},"end":{"line":9,"column":15}},"loc":{"start":{"line":9,"column":20},"end":{"line":129,"column":1}},"line":9},"1":{"name":"(anonymous_1)","decl":{"start":{"line":16,"column":55},"end":{"line":16,"column":56}},"loc":{"start":{"line":16,"column":60},"end":{"line":16,"column":67}},"line":16},"2":{"name":"(anonymous_2)","decl":{"start":{"line":22,"column":12},"end":{"line":22,"column":13}},"loc":{"start":{"line":22,"column":18},"end":{"line":36,"column":3}},"line":22},"3":{"name":"(anonymous_3)","decl":{"start":{"line":25,"column":14},"end":{"line":25,"column":15}},"loc":{"start":{"line":25,"column":28},"end":{"line":30,"column":9}},"line":25},"4":{"name":"(anonymous_4)","decl":{"start":{"line":31,"column":14},"end":{"line":31,"column":15}},"loc":{"start":{"line":31,"column":24},"end":{"line":31,"column":48}},"line":31},"5":{"name":"(anonymous_5)","decl":{"start":{"line":32,"column":15},"end":{"line":32,"column":16}},"loc":{"start":{"line":32,"column":26},"end":{"line":32,"column":73}},"line":32},"6":{"name":"(anonymous_6)","decl":{"start":{"line":38,"column":12},"end":{"line":38,"column":13}},"loc":{"start":{"line":38,"column":18},"end":{"line":54,"column":3}},"line":38},"7":{"name":"(anonymous_7)","decl":{"start":{"line":39,"column":30},"end":{"line":39,"column":31}},"loc":{"start":{"line":39,"column":50},"end":{"line":43,"column":5}},"line":39},"8":{"name":"(anonymous_8)","decl":{"start":{"line":41,"column":42},"end":{"line":41,"column":43}},"loc":{"start":{"line":41,"column":47},"end":{"line":41,"column":66}},"line":41},"9":{"name":"(anonymous_9)","decl":{"start":{"line":45,"column":30},"end":{"line":45,"column":31}},"loc":{"start":{"line":45,"column":36},"end":{"line":48,"column":5}},"line":45},"10":{"name":"(anonymous_10)","decl":{"start":{"line":50,"column":11},"end":{"line":50,"column":12}},"loc":{"start":{"line":50,"column":17},"end":{"line":53,"column":5}},"line":50},"11":{"name":"(anonymous_11)","decl":{"start":{"line":57,"column":26},"end":{"line":57,"column":27}},"loc":{"start":{"line":57,"column":32},"end":{"line":59,"column":3}},"line":57},"12":{"name":"(anonymous_12)","decl":{"start":{"line":62,"column":27},"end":{"line":62,"column":28}},"loc":{"start":{"line":62,"column":33},"end":{"line":65,"column":3}},"line":62},"13":{"name":"(anonymous_13)","decl":{"start":{"line":73,"column":19},"end":{"line":73,"column":20}},"loc":{"start":{"line":73,"column":25},"end":{"line":80,"column":11}},"line":73},"14":{"name":"(anonymous_14)","decl":{"start":{"line":75,"column":20},"end":{"line":75,"column":21}},"loc":{"start":{"line":75,"column":26},"end":{"line":75,"column":61}},"line":75},"15":{"name":"(anonymous_15)","decl":{"start":{"line":76,"column":21},"end":{"line":76,"column":22}},"loc":{"start":{"line":76,"column":28},"end":{"line":79,"column":15}},"line":76},"16":{"name":"(anonymous_16)","decl":{"start":{"line":88,"column":23},"end":{"line":88,"column":24}},"loc":{"start":{"line":89,"column":12},"end":{"line":94,"column":17}},"line":89},"17":{"name":"(anonymous_17)","decl":{"start":{"line":101,"column":19},"end":{"line":101,"column":20}},"loc":{"start":{"line":101,"column":25},"end":{"line":105,"column":11}},"line":101}},"branchMap":{"0":{"loc":{"start":{"line":16,"column":19},"end":{"line":16,"column":68}},"type":"binary-expr","locations":[{"start":{"line":16,"column":19},"end":{"line":16,"column":37}},{"start":{"line":16,"column":41},"end":{"line":16,"column":68}}],"line":16},"1":{"loc":{"start":{"line":23,"column":4},"end":{"line":35,"column":5}},"type":"if","locations":[{"start":{"line":23,"column":4},"end":{"line":35,"column":5}},{"start":{"line":33,"column":11},"end":{"line":35,"column":5}}],"line":23},"2":{"loc":{"start":{"line":26,"column":10},"end":{"line":28,"column":11}},"type":"if","locations":[{"start":{"line":26,"column":10},"end":{"line":28,"column":11}},{"start":{},"end":{}}],"line":26},"3":{"loc":{"start":{"line":42,"column":17},"end":{"line":42,"column":40}},"type":"binary-expr","locations":[{"start":{"line":42,"column":17},"end":{"line":42,"column":31}},{"start":{"line":42,"column":35},"end":{"line":42,"column":40}}],"line":42},"4":{"loc":{"start":{"line":91,"column":25},"end":{"line":91,"column":72}},"type":"cond-expr","locations":[{"start":{"line":91,"column":40},"end":{"line":91,"column":53}},{"start":{"line":91,"column":56},"end":{"line":91,"column":72}}],"line":91},"5":{"loc":{"start":{"line":93,"column":31},"end":{"line":93,"column":67}},"type":"cond-expr","locations":[{"start":{"line":93,"column":46},"end":{"line":93,"column":53}},{"start":{"line":93,"column":56},"end":{"line":93,"column":67}}],"line":93},"6":{"loc":{"start":{"line":102,"column":27},"end":{"line":102,"column":62}},"type":"cond-expr","locations":[{"start":{"line":102,"column":37},"end":{"line":102,"column":49}},{"start":{"line":102,"column":52},"end":{"line":102,"column":62}}],"line":102},"7":{"loc":{"start":{"line":107,"column":11},"end":{"line":107,"column":43}},"type":"cond-expr","locations":[{"start":{"line":107,"column":21},"end":{"line":107,"column":30}},{"start":{"line":107,"column":33},"end":{"line":107,"column":43}}],"line":107},"8":{"loc":{"start":{"line":114,"column":20},"end":{"line":114,"column":44}},"type":"binary-expr","locations":[{"start":{"line":114,"column":20},"end":{"line":114,"column":29}},{"start":{"line":114,"column":33},"end":{"line":114,"column":44}}],"line":114},"9":{"loc":{"start":{"line":116,"column":11},"end":{"line":116,"column":58}},"type":"cond-expr","locations":[{"start":{"line":116,"column":25},"end":{"line":116,"column":43}},{"start":{"line":116,"column":46},"end":{"line":116,"column":58}}],"line":116}},"s":{"0":1,"1":9,"2":9,"3":9,"4":9,"5":9,"6":9,"7":4,"8":9,"9":9,"10":9,"11":9,"12":5,"13":5,"14":5,"15":0,"16":5,"17":5,"18":0,"19":0,"20":9,"21":9,"22":1,"23":1,"24":1,"25":1,"26":9,"27":1,"28":1,"29":9,"30":9,"31":9,"32":9,"33":0,"34":9,"35":1,"36":1,"37":9,"38":0,"39":0,"40":0,"41":0,"42":4,"43":1,"44":1,"45":1},"f":{"0":9,"1":4,"2":5,"3":5,"4":5,"5":0,"6":9,"7":1,"8":1,"9":1,"10":9,"11":0,"12":1,"13":0,"14":0,"15":0,"16":4,"17":1},"b":{"0":[9,4],"1":[5,0],"2":[0,5],"3":[1,1],"4":[2,2],"5":[2,2],"6":[0,1],"7":[1,8],"8":[9,2],"9":[1,8]},"_coverageSchema":"1a1c01bbd47fc00a2c39e90264f33305004495a9","hash":"07a17d32c8fe78ce663088bbd6a3b21f4c036ab8"}
}
