{"C:\\Users\\allie\\OneDrive\\Documents\\GitHub\\Coup2\\client\\my-react-app\\mocks\\fileMock.js": {"path":"C:\\Users\\allie\\OneDrive\\Documents\\GitHub\\Coup2\\client\\my-react-app\\mocks\\fileMock.js","statementMap":{},"fnMap":{},"branchMap":{},"s":{},"f":{},"b":{},"_coverageSchema":"1a1c01bbd47fc00a2c39e90264f33305004495a9","hash":"b2f3c736cda340aa6d514fc5d261932a1b89739b"}
,"C:\\Users\\allie\\OneDrive\\Documents\\GitHub\\Coup2\\client\\my-react-app\\src\\Components\\Card\\Card.jsx": {"path":"C:\\Users\\allie\\OneDrive\\Documents\\GitHub\\Coup2\\client\\my-react-app\\src\\Components\\Card\\Card.jsx","statementMap":{"0":{"start":{"line":10,"column":25},"end":{"line":16,"column":1}},"1":{"start":{"line":19,"column":23},"end":{"line":28,"column":5}},"2":{"start":{"line":20,"column":8},"end":{"line":27,"column":9}},"3":{"start":{"line":21,"column":29},"end":{"line":21,"column":45}},"4":{"start":{"line":22,"column":31},"end":{"line":22,"column":49}},"5":{"start":{"line":23,"column":28},"end":{"line":23,"column":43}},"6":{"start":{"line":24,"column":29},"end":{"line":24,"column":45}},"7":{"start":{"line":25,"column":25},"end":{"line":25,"column":37}},"8":{"start":{"line":26,"column":21},"end":{"line":26,"column":37}},"9":{"start":{"line":30,"column":22},"end":{"line":30,"column":62}},"10":{"start":{"line":32,"column":4},"end":{"line":48,"column":6}}},"fnMap":{"0":{"name":"Card","decl":{"start":{"line":18,"column":24},"end":{"line":18,"column":28}},"loc":{"start":{"line":18,"column":51},"end":{"line":49,"column":1}},"line":18},"1":{"name":"(anonymous_1)","decl":{"start":{"line":19,"column":23},"end":{"line":19,"column":24}},"loc":{"start":{"line":19,"column":33},"end":{"line":28,"column":5}},"line":19}},"branchMap":{"0":{"loc":{"start":{"line":20,"column":8},"end":{"line":27,"column":9}},"type":"switch","locations":[{"start":{"line":21,"column":12},"end":{"line":21,"column":45}},{"start":{"line":22,"column":12},"end":{"line":22,"column":49}},{"start":{"line":23,"column":12},"end":{"line":23,"column":43}},{"start":{"line":24,"column":12},"end":{"line":24,"column":45}},{"start":{"line":25,"column":12},"end":{"line":25,"column":37}},{"start":{"line":26,"column":12},"end":{"line":26,"column":37}}],"line":20},"1":{"loc":{"start":{"line":30,"column":22},"end":{"line":30,"column":62}},"type":"cond-expr","locations":[{"start":{"line":30,"column":35},"end":{"line":30,"column":51}},{"start":{"line":30,"column":54},"end":{"line":30,"column":62}}],"line":30},"2":{"loc":{"start":{"line":37,"column":25},"end":{"line":37,"column":61}},"type":"cond-expr","locations":[{"start":{"line":37,"column":38},"end":{"line":37,"column":42}},{"start":{"line":37,"column":45},"end":{"line":37,"column":61}}],"line":37},"3":{"loc":{"start":{"line":38,"column":45},"end":{"line":38,"column":72}},"type":"cond-expr","locations":[{"start":{"line":38,"column":58},"end":{"line":38,"column":60}},{"start":{"line":38,"column":63},"end":{"line":38,"column":72}}],"line":38},"4":{"loc":{"start":{"line":40,"column":17},"end":{"line":44,"column":17}},"type":"binary-expr","locations":[{"start":{"line":40,"column":17},"end":{"line":40,"column":27}},{"start":{"line":41,"column":20},"end":{"line":43,"column":26}}],"line":40},"5":{"loc":{"start":{"line":42,"column":25},"end":{"line":42,"column":68}},"type":"binary-expr","locations":[{"start":{"line":42,"column":25},"end":{"line":42,"column":47}},{"start":{"line":42,"column":51},"end":{"line":42,"column":68}}],"line":42},"6":{"loc":{"start":{"line":46,"column":40},"end":{"line":46,"column":74}},"type":"cond-expr","locations":[{"start":{"line":46,"column":53},"end":{"line":46,"column":57}},{"start":{"line":46,"column":60},"end":{"line":46,"column":74}}],"line":46}},"s":{"0":1,"1":0,"2":0,"3":0,"4":0,"5":0,"6":0,"7":0,"8":0,"9":0,"10":0},"f":{"0":0,"1":0},"b":{"0":[0,0,0,0,0,0],"1":[0,0],"2":[0,0],"3":[0,0],"4":[0,0],"5":[0,0],"6":[0,0]},"_coverageSchema":"1a1c01bbd47fc00a2c39e90264f33305004495a9","hash":"7343c8510f787307d49b3b8d7c4efd94575f2a7f"}
,"C:\\Users\\allie\\OneDrive\\Documents\\GitHub\\Coup2\\client\\my-react-app\\src\\Components\\Game\\Game.jsx": {"path":"C:\\Users\\allie\\OneDrive\\Documents\\GitHub\\Coup2\\client\\my-react-app\\src\\Components\\Game\\Game.jsx","statementMap":{"0":{"start":{"line":14,"column":13},"end":{"line":475,"column":1}},"1":{"start":{"line":15,"column":25},"end":{"line":15,"column":42}},"2":{"start":{"line":16,"column":20},"end":{"line":16,"column":45}},"3":{"start":{"line":17,"column":17},"end":{"line":17,"column":28}},"4":{"start":{"line":18,"column":19},"end":{"line":18,"column":51}},"5":{"start":{"line":19,"column":19},"end":{"line":19,"column":32}},"6":{"start":{"line":21,"column":32},"end":{"line":21,"column":44}},"7":{"start":{"line":22,"column":34},"end":{"line":22,"column":46}},"8":{"start":{"line":23,"column":44},"end":{"line":23,"column":56}},"9":{"start":{"line":24,"column":44},"end":{"line":24,"column":58}},"10":{"start":{"line":25,"column":52},"end":{"line":25,"column":67}},"11":{"start":{"line":26,"column":50},"end":{"line":26,"column":64}},"12":{"start":{"line":27,"column":36},"end":{"line":27,"column":50}},"13":{"start":{"line":28,"column":38},"end":{"line":28,"column":52}},"14":{"start":{"line":29,"column":30},"end":{"line":29,"column":44}},"15":{"start":{"line":30,"column":34},"end":{"line":30,"column":49}},"16":{"start":{"line":31,"column":48},"end":{"line":31,"column":62}},"17":{"start":{"line":32,"column":44},"end":{"line":32,"column":58}},"18":{"start":{"line":35,"column":26},"end":{"line":41,"column":3}},"19":{"start":{"line":36,"column":4},"end":{"line":40,"column":5}},"20":{"start":{"line":37,"column":6},"end":{"line":37,"column":32}},"21":{"start":{"line":38,"column":11},"end":{"line":40,"column":5}},"22":{"start":{"line":39,"column":6},"end":{"line":39,"column":37}},"23":{"start":{"line":43,"column":27},"end":{"line":45,"column":3}},"24":{"start":{"line":44,"column":4},"end":{"line":44,"column":24}},"25":{"start":{"line":47,"column":23},"end":{"line":54,"column":3}},"26":{"start":{"line":48,"column":4},"end":{"line":48,"column":55}},"27":{"start":{"line":49,"column":4},"end":{"line":53,"column":7}},"28":{"start":{"line":56,"column":2},"end":{"line":128,"column":15}},"29":{"start":{"line":57,"column":4},"end":{"line":59,"column":7}},"30":{"start":{"line":58,"column":6},"end":{"line":58,"column":42}},"31":{"start":{"line":58,"column":26},"end":{"line":58,"column":40}},"32":{"start":{"line":61,"column":4},"end":{"line":65,"column":7}},"33":{"start":{"line":62,"column":6},"end":{"line":62,"column":60}},"34":{"start":{"line":63,"column":6},"end":{"line":63,"column":23}},"35":{"start":{"line":64,"column":6},"end":{"line":64,"column":32}},"36":{"start":{"line":67,"column":4},"end":{"line":70,"column":7}},"37":{"start":{"line":68,"column":6},"end":{"line":68,"column":25}},"38":{"start":{"line":69,"column":6},"end":{"line":69,"column":32}},"39":{"start":{"line":72,"column":4},"end":{"line":99,"column":7}},"40":{"start":{"line":73,"column":6},"end":{"line":73,"column":24}},"41":{"start":{"line":74,"column":6},"end":{"line":74,"column":39}},"42":{"start":{"line":76,"column":6},"end":{"line":98,"column":7}},"43":{"start":{"line":77,"column":23},"end":{"line":77,"column":55}},"44":{"start":{"line":78,"column":8},"end":{"line":78,"column":40}},"45":{"start":{"line":79,"column":8},"end":{"line":79,"column":29}},"46":{"start":{"line":80,"column":8},"end":{"line":80,"column":30}},"47":{"start":{"line":81,"column":8},"end":{"line":81,"column":36}},"48":{"start":{"line":82,"column":8},"end":{"line":82,"column":37}},"49":{"start":{"line":83,"column":8},"end":{"line":83,"column":44}},"50":{"start":{"line":84,"column":8},"end":{"line":84,"column":36}},"51":{"start":{"line":85,"column":8},"end":{"line":85,"column":42}},"52":{"start":{"line":87,"column":27},"end":{"line":87,"column":68}},"53":{"start":{"line":89,"column":8},"end":{"line":93,"column":11}},"54":{"start":{"line":95,"column":8},"end":{"line":97,"column":17}},"55":{"start":{"line":96,"column":10},"end":{"line":96,"column":44}},"56":{"start":{"line":101,"column":4},"end":{"line":109,"column":7}},"57":{"start":{"line":102,"column":6},"end":{"line":108,"column":7}},"58":{"start":{"line":103,"column":8},"end":{"line":107,"column":11}},"59":{"start":{"line":111,"column":4},"end":{"line":118,"column":7}},"60":{"start":{"line":112,"column":6},"end":{"line":117,"column":7}},"61":{"start":{"line":113,"column":8},"end":{"line":116,"column":11}},"62":{"start":{"line":120,"column":4},"end":{"line":127,"column":6}},"63":{"start":{"line":121,"column":6},"end":{"line":121,"column":29}},"64":{"start":{"line":122,"column":6},"end":{"line":122,"column":38}},"65":{"start":{"line":123,"column":6},"end":{"line":123,"column":44}},"66":{"start":{"line":124,"column":6},"end":{"line":124,"column":30}},"67":{"start":{"line":125,"column":6},"end":{"line":125,"column":37}},"68":{"start":{"line":126,"column":6},"end":{"line":126,"column":37}},"69":{"start":{"line":130,"column":2},"end":{"line":138,"column":18}},"70":{"start":{"line":131,"column":4},"end":{"line":131,"column":53}},"71":{"start":{"line":131,"column":46},"end":{"line":131,"column":53}},"72":{"start":{"line":133,"column":18},"end":{"line":135,"column":12}},"73":{"start":{"line":134,"column":6},"end":{"line":134,"column":37}},"74":{"start":{"line":134,"column":27},"end":{"line":134,"column":35}},"75":{"start":{"line":137,"column":4},"end":{"line":137,"column":37}},"76":{"start":{"line":137,"column":17},"end":{"line":137,"column":36}},"77":{"start":{"line":141,"column":2},"end":{"line":157,"column":26}},"78":{"start":{"line":142,"column":4},"end":{"line":142,"column":38}},"79":{"start":{"line":142,"column":31},"end":{"line":142,"column":38}},"80":{"start":{"line":144,"column":4},"end":{"line":144,"column":44}},"81":{"start":{"line":146,"column":29},"end":{"line":150,"column":5}},"82":{"start":{"line":147,"column":6},"end":{"line":147,"column":53}},"83":{"start":{"line":148,"column":6},"end":{"line":148,"column":35}},"84":{"start":{"line":149,"column":6},"end":{"line":149,"column":47}},"85":{"start":{"line":152,"column":4},"end":{"line":152,"column":47}},"86":{"start":{"line":154,"column":4},"end":{"line":156,"column":6}},"87":{"start":{"line":155,"column":6},"end":{"line":155,"column":50}},"88":{"start":{"line":159,"column":2},"end":{"line":176,"column":24}},"89":{"start":{"line":160,"column":4},"end":{"line":175,"column":5}},"90":{"start":{"line":161,"column":30},"end":{"line":161,"column":54}},"91":{"start":{"line":161,"column":47},"end":{"line":161,"column":53}},"92":{"start":{"line":162,"column":6},"end":{"line":162,"column":48}},"93":{"start":{"line":163,"column":6},"end":{"line":163,"column":66}},"94":{"start":{"line":165,"column":6},"end":{"line":174,"column":9}},"95":{"start":{"line":170,"column":8},"end":{"line":170,"column":50}},"96":{"start":{"line":173,"column":8},"end":{"line":173,"column":49}},"97":{"start":{"line":178,"column":19},"end":{"line":178,"column":57}},"98":{"start":{"line":178,"column":37},"end":{"line":178,"column":56}},"99":{"start":{"line":179,"column":20},"end":{"line":179,"column":60}},"100":{"start":{"line":179,"column":40},"end":{"line":179,"column":59}},"101":{"start":{"line":180,"column":19},"end":{"line":180,"column":45}},"102":{"start":{"line":181,"column":19},"end":{"line":181,"column":40}},"103":{"start":{"line":183,"column":2},"end":{"line":474,"column":4}},"104":{"start":{"line":193,"column":60},"end":{"line":193,"column":77}},"105":{"start":{"line":202,"column":56},"end":{"line":202,"column":80}},"106":{"start":{"line":203,"column":56},"end":{"line":203,"column":85}},"107":{"start":{"line":223,"column":16},"end":{"line":229,"column":22}},"108":{"start":{"line":226,"column":33},"end":{"line":226,"column":88}},"109":{"start":{"line":237,"column":35},"end":{"line":237,"column":78}},"110":{"start":{"line":238,"column":16},"end":{"line":238,"column":79}},"111":{"start":{"line":239,"column":16},"end":{"line":239,"column":39}},"112":{"start":{"line":255,"column":16},"end":{"line":272,"column":22}},"113":{"start":{"line":259,"column":37},"end":{"line":259,"column":61}},"114":{"start":{"line":260,"column":44},"end":{"line":260,"column":68}},"115":{"start":{"line":262,"column":40},"end":{"line":266,"column":34}},"116":{"start":{"line":263,"column":45},"end":{"line":263,"column":56}},"117":{"start":{"line":268,"column":20},"end":{"line":268,"column":86}},"118":{"start":{"line":280,"column":31},"end":{"line":280,"column":90}},"119":{"start":{"line":280,"column":65},"end":{"line":280,"column":89}},"120":{"start":{"line":281,"column":16},"end":{"line":281,"column":83}},"121":{"start":{"line":282,"column":16},"end":{"line":282,"column":41}},"122":{"start":{"line":295,"column":12},"end":{"line":305,"column":14}},"123":{"start":{"line":301,"column":16},"end":{"line":301,"column":56}},"124":{"start":{"line":302,"column":16},"end":{"line":302,"column":39}},"125":{"start":{"line":303,"column":16},"end":{"line":303,"column":65}},"126":{"start":{"line":303,"column":33},"end":{"line":303,"column":60}},"127":{"start":{"line":334,"column":14},"end":{"line":334,"column":42}},"128":{"start":{"line":335,"column":14},"end":{"line":335,"column":37}},"129":{"start":{"line":345,"column":14},"end":{"line":345,"column":39}},"130":{"start":{"line":346,"column":14},"end":{"line":346,"column":41}},"131":{"start":{"line":356,"column":14},"end":{"line":356,"column":42}},"132":{"start":{"line":357,"column":14},"end":{"line":357,"column":42}},"133":{"start":{"line":367,"column":14},"end":{"line":367,"column":40}},"134":{"start":{"line":368,"column":14},"end":{"line":368,"column":41}},"135":{"start":{"line":378,"column":14},"end":{"line":378,"column":46}},"136":{"start":{"line":379,"column":14},"end":{"line":379,"column":41}},"137":{"start":{"line":389,"column":14},"end":{"line":389,"column":42}},"138":{"start":{"line":390,"column":14},"end":{"line":390,"column":34}},"139":{"start":{"line":400,"column":14},"end":{"line":400,"column":42}},"140":{"start":{"line":401,"column":14},"end":{"line":401,"column":39}},"141":{"start":{"line":430,"column":64},"end":{"line":430,"column":88}},"142":{"start":{"line":435,"column":66},"end":{"line":435,"column":86}},"143":{"start":{"line":469,"column":12},"end":{"line":469,"column":34}}},"fnMap":{"0":{"name":"(anonymous_0)","decl":{"start":{"line":14,"column":13},"end":{"line":14,"column":14}},"loc":{"start":{"line":14,"column":19},"end":{"line":475,"column":1}},"line":14},"1":{"name":"(anonymous_1)","decl":{"start":{"line":35,"column":26},"end":{"line":35,"column":27}},"loc":{"start":{"line":35,"column":36},"end":{"line":41,"column":3}},"line":35},"2":{"name":"(anonymous_2)","decl":{"start":{"line":43,"column":27},"end":{"line":43,"column":28}},"loc":{"start":{"line":43,"column":33},"end":{"line":45,"column":3}},"line":43},"3":{"name":"(anonymous_3)","decl":{"start":{"line":47,"column":23},"end":{"line":47,"column":24}},"loc":{"start":{"line":47,"column":50},"end":{"line":54,"column":3}},"line":47},"4":{"name":"(anonymous_4)","decl":{"start":{"line":56,"column":12},"end":{"line":56,"column":13}},"loc":{"start":{"line":56,"column":18},"end":{"line":128,"column":3}},"line":56},"5":{"name":"(anonymous_5)","decl":{"start":{"line":57,"column":26},"end":{"line":57,"column":27}},"loc":{"start":{"line":57,"column":35},"end":{"line":59,"column":5}},"line":57},"6":{"name":"(anonymous_6)","decl":{"start":{"line":58,"column":18},"end":{"line":58,"column":19}},"loc":{"start":{"line":58,"column":26},"end":{"line":58,"column":40}},"line":58},"7":{"name":"(anonymous_7)","decl":{"start":{"line":61,"column":35},"end":{"line":61,"column":36}},"loc":{"start":{"line":61,"column":45},"end":{"line":65,"column":5}},"line":61},"8":{"name":"(anonymous_8)","decl":{"start":{"line":67,"column":41},"end":{"line":67,"column":42}},"loc":{"start":{"line":67,"column":47},"end":{"line":70,"column":5}},"line":67},"9":{"name":"(anonymous_9)","decl":{"start":{"line":72,"column":27},"end":{"line":72,"column":28}},"loc":{"start":{"line":72,"column":43},"end":{"line":99,"column":5}},"line":72},"10":{"name":"(anonymous_10)","decl":{"start":{"line":95,"column":19},"end":{"line":95,"column":20}},"loc":{"start":{"line":95,"column":25},"end":{"line":97,"column":9}},"line":95},"11":{"name":"(anonymous_11)","decl":{"start":{"line":101,"column":34},"end":{"line":101,"column":35}},"loc":{"start":{"line":101,"column":44},"end":{"line":109,"column":5}},"line":101},"12":{"name":"(anonymous_12)","decl":{"start":{"line":111,"column":34},"end":{"line":111,"column":35}},"loc":{"start":{"line":111,"column":44},"end":{"line":118,"column":5}},"line":111},"13":{"name":"(anonymous_13)","decl":{"start":{"line":120,"column":11},"end":{"line":120,"column":12}},"loc":{"start":{"line":120,"column":17},"end":{"line":127,"column":5}},"line":120},"14":{"name":"(anonymous_14)","decl":{"start":{"line":130,"column":12},"end":{"line":130,"column":13}},"loc":{"start":{"line":130,"column":18},"end":{"line":138,"column":3}},"line":130},"15":{"name":"(anonymous_15)","decl":{"start":{"line":133,"column":29},"end":{"line":133,"column":30}},"loc":{"start":{"line":133,"column":35},"end":{"line":135,"column":5}},"line":133},"16":{"name":"(anonymous_16)","decl":{"start":{"line":134,"column":19},"end":{"line":134,"column":20}},"loc":{"start":{"line":134,"column":27},"end":{"line":134,"column":35}},"line":134},"17":{"name":"(anonymous_17)","decl":{"start":{"line":137,"column":11},"end":{"line":137,"column":12}},"loc":{"start":{"line":137,"column":17},"end":{"line":137,"column":36}},"line":137},"18":{"name":"(anonymous_18)","decl":{"start":{"line":141,"column":12},"end":{"line":141,"column":13}},"loc":{"start":{"line":141,"column":18},"end":{"line":157,"column":3}},"line":141},"19":{"name":"(anonymous_19)","decl":{"start":{"line":146,"column":29},"end":{"line":146,"column":30}},"loc":{"start":{"line":146,"column":43},"end":{"line":150,"column":5}},"line":146},"20":{"name":"(anonymous_20)","decl":{"start":{"line":154,"column":11},"end":{"line":154,"column":12}},"loc":{"start":{"line":154,"column":17},"end":{"line":156,"column":5}},"line":154},"21":{"name":"(anonymous_21)","decl":{"start":{"line":159,"column":12},"end":{"line":159,"column":13}},"loc":{"start":{"line":159,"column":18},"end":{"line":176,"column":3}},"line":159},"22":{"name":"(anonymous_22)","decl":{"start":{"line":161,"column":42},"end":{"line":161,"column":43}},"loc":{"start":{"line":161,"column":47},"end":{"line":161,"column":53}},"line":161},"23":{"name":"(anonymous_23)","decl":{"start":{"line":169,"column":12},"end":{"line":169,"column":13}},"loc":{"start":{"line":169,"column":19},"end":{"line":171,"column":7}},"line":169},"24":{"name":"(anonymous_24)","decl":{"start":{"line":172,"column":13},"end":{"line":172,"column":14}},"loc":{"start":{"line":172,"column":20},"end":{"line":174,"column":7}},"line":172},"25":{"name":"(anonymous_25)","decl":{"start":{"line":178,"column":32},"end":{"line":178,"column":33}},"loc":{"start":{"line":178,"column":37},"end":{"line":178,"column":56}},"line":178},"26":{"name":"(anonymous_26)","decl":{"start":{"line":179,"column":35},"end":{"line":179,"column":36}},"loc":{"start":{"line":179,"column":40},"end":{"line":179,"column":59}},"line":179},"27":{"name":"(anonymous_27)","decl":{"start":{"line":193,"column":54},"end":{"line":193,"column":55}},"loc":{"start":{"line":193,"column":60},"end":{"line":193,"column":77}},"line":193},"28":{"name":"(anonymous_28)","decl":{"start":{"line":202,"column":50},"end":{"line":202,"column":51}},"loc":{"start":{"line":202,"column":56},"end":{"line":202,"column":80}},"line":202},"29":{"name":"(anonymous_29)","decl":{"start":{"line":203,"column":50},"end":{"line":203,"column":51}},"loc":{"start":{"line":203,"column":56},"end":{"line":203,"column":85}},"line":203},"30":{"name":"(anonymous_30)","decl":{"start":{"line":222,"column":39},"end":{"line":222,"column":40}},"loc":{"start":{"line":223,"column":16},"end":{"line":229,"column":22}},"line":223},"31":{"name":"(anonymous_31)","decl":{"start":{"line":226,"column":27},"end":{"line":226,"column":28}},"loc":{"start":{"line":226,"column":33},"end":{"line":226,"column":88}},"line":226},"32":{"name":"(anonymous_32)","decl":{"start":{"line":236,"column":23},"end":{"line":236,"column":24}},"loc":{"start":{"line":236,"column":29},"end":{"line":240,"column":15}},"line":236},"33":{"name":"(anonymous_33)","decl":{"start":{"line":254,"column":41},"end":{"line":254,"column":42}},"loc":{"start":{"line":255,"column":16},"end":{"line":272,"column":22}},"line":255},"34":{"name":"(anonymous_34)","decl":{"start":{"line":258,"column":27},"end":{"line":258,"column":28}},"loc":{"start":{"line":258,"column":33},"end":{"line":269,"column":19}},"line":258},"35":{"name":"(anonymous_35)","decl":{"start":{"line":263,"column":40},"end":{"line":263,"column":41}},"loc":{"start":{"line":263,"column":45},"end":{"line":263,"column":56}},"line":263},"36":{"name":"(anonymous_36)","decl":{"start":{"line":279,"column":23},"end":{"line":279,"column":24}},"loc":{"start":{"line":279,"column":29},"end":{"line":283,"column":15}},"line":279},"37":{"name":"(anonymous_37)","decl":{"start":{"line":280,"column":60},"end":{"line":280,"column":61}},"loc":{"start":{"line":280,"column":65},"end":{"line":280,"column":89}},"line":280},"38":{"name":"(anonymous_38)","decl":{"start":{"line":294,"column":25},"end":{"line":294,"column":26}},"loc":{"start":{"line":295,"column":12},"end":{"line":305,"column":14}},"line":295},"39":{"name":"(anonymous_39)","decl":{"start":{"line":300,"column":29},"end":{"line":300,"column":30}},"loc":{"start":{"line":300,"column":45},"end":{"line":304,"column":15}},"line":300},"40":{"name":"(anonymous_40)","decl":{"start":{"line":303,"column":27},"end":{"line":303,"column":28}},"loc":{"start":{"line":303,"column":33},"end":{"line":303,"column":60}},"line":303},"41":{"name":"(anonymous_41)","decl":{"start":{"line":333,"column":21},"end":{"line":333,"column":22}},"loc":{"start":{"line":333,"column":27},"end":{"line":336,"column":13}},"line":333},"42":{"name":"(anonymous_42)","decl":{"start":{"line":344,"column":21},"end":{"line":344,"column":22}},"loc":{"start":{"line":344,"column":27},"end":{"line":347,"column":13}},"line":344},"43":{"name":"(anonymous_43)","decl":{"start":{"line":355,"column":21},"end":{"line":355,"column":22}},"loc":{"start":{"line":355,"column":27},"end":{"line":358,"column":13}},"line":355},"44":{"name":"(anonymous_44)","decl":{"start":{"line":366,"column":21},"end":{"line":366,"column":22}},"loc":{"start":{"line":366,"column":27},"end":{"line":369,"column":13}},"line":366},"45":{"name":"(anonymous_45)","decl":{"start":{"line":377,"column":21},"end":{"line":377,"column":22}},"loc":{"start":{"line":377,"column":27},"end":{"line":380,"column":13}},"line":377},"46":{"name":"(anonymous_46)","decl":{"start":{"line":388,"column":21},"end":{"line":388,"column":22}},"loc":{"start":{"line":388,"column":27},"end":{"line":391,"column":13}},"line":388},"47":{"name":"(anonymous_47)","decl":{"start":{"line":399,"column":21},"end":{"line":399,"column":22}},"loc":{"start":{"line":399,"column":27},"end":{"line":402,"column":13}},"line":399},"48":{"name":"(anonymous_48)","decl":{"start":{"line":430,"column":58},"end":{"line":430,"column":59}},"loc":{"start":{"line":430,"column":64},"end":{"line":430,"column":88}},"line":430},"49":{"name":"(anonymous_49)","decl":{"start":{"line":435,"column":60},"end":{"line":435,"column":61}},"loc":{"start":{"line":435,"column":66},"end":{"line":435,"column":86}},"line":435},"50":{"name":"(anonymous_50)","decl":{"start":{"line":468,"column":23},"end":{"line":468,"column":24}},"loc":{"start":{"line":469,"column":12},"end":{"line":469,"column":34}},"line":469}},"branchMap":{"0":{"loc":{"start":{"line":36,"column":4},"end":{"line":40,"column":5}},"type":"if","locations":[{"start":{"line":36,"column":4},"end":{"line":40,"column":5}},{"start":{"line":38,"column":11},"end":{"line":40,"column":5}}],"line":36},"1":{"loc":{"start":{"line":38,"column":11},"end":{"line":40,"column":5}},"type":"if","locations":[{"start":{"line":38,"column":11},"end":{"line":40,"column":5}},{"start":{},"end":{}}],"line":38},"2":{"loc":{"start":{"line":47,"column":32},"end":{"line":47,"column":45}},"type":"default-arg","locations":[{"start":{"line":47,"column":41},"end":{"line":47,"column":45}}],"line":47},"3":{"loc":{"start":{"line":76,"column":6},"end":{"line":98,"column":7}},"type":"if","locations":[{"start":{"line":76,"column":6},"end":{"line":98,"column":7}},{"start":{},"end":{}}],"line":76},"4":{"loc":{"start":{"line":102,"column":6},"end":{"line":108,"column":7}},"type":"if","locations":[{"start":{"line":102,"column":6},"end":{"line":108,"column":7}},{"start":{},"end":{}}],"line":102},"5":{"loc":{"start":{"line":112,"column":6},"end":{"line":117,"column":7}},"type":"if","locations":[{"start":{"line":112,"column":6},"end":{"line":117,"column":7}},{"start":{},"end":{}}],"line":112},"6":{"loc":{"start":{"line":131,"column":4},"end":{"line":131,"column":53}},"type":"if","locations":[{"start":{"line":131,"column":4},"end":{"line":131,"column":53}},{"start":{},"end":{}}],"line":131},"7":{"loc":{"start":{"line":131,"column":8},"end":{"line":131,"column":44}},"type":"binary-expr","locations":[{"start":{"line":131,"column":8},"end":{"line":131,"column":26}},{"start":{"line":131,"column":30},"end":{"line":131,"column":44}}],"line":131},"8":{"loc":{"start":{"line":142,"column":4},"end":{"line":142,"column":38}},"type":"if","locations":[{"start":{"line":142,"column":4},"end":{"line":142,"column":38}},{"start":{},"end":{}}],"line":142},"9":{"loc":{"start":{"line":142,"column":8},"end":{"line":142,"column":29}},"type":"binary-expr","locations":[{"start":{"line":142,"column":8},"end":{"line":142,"column":15}},{"start":{"line":142,"column":19},"end":{"line":142,"column":29}}],"line":142},"10":{"loc":{"start":{"line":160,"column":4},"end":{"line":175,"column":5}},"type":"if","locations":[{"start":{"line":160,"column":4},"end":{"line":175,"column":5}},{"start":{},"end":{}}],"line":160},"11":{"loc":{"start":{"line":160,"column":8},"end":{"line":160,"column":36}},"type":"binary-expr","locations":[{"start":{"line":160,"column":8},"end":{"line":160,"column":14}},{"start":{"line":160,"column":18},"end":{"line":160,"column":36}}],"line":160},"12":{"loc":{"start":{"line":186,"column":7},"end":{"line":198,"column":7}},"type":"binary-expr","locations":[{"start":{"line":186,"column":7},"end":{"line":186,"column":13}},{"start":{"line":187,"column":8},"end":{"line":197,"column":14}}],"line":186},"13":{"loc":{"start":{"line":188,"column":42},"end":{"line":188,"column":73}},"type":"cond-expr","locations":[{"start":{"line":188,"column":53},"end":{"line":188,"column":62}},{"start":{"line":188,"column":65},"end":{"line":188,"column":73}}],"line":188},"14":{"loc":{"start":{"line":190,"column":15},"end":{"line":190,"column":57}},"type":"cond-expr","locations":[{"start":{"line":190,"column":26},"end":{"line":190,"column":40}},{"start":{"line":190,"column":43},"end":{"line":190,"column":57}}],"line":190},"15":{"loc":{"start":{"line":192,"column":16},"end":{"line":192,"column":81}},"type":"cond-expr","locations":[{"start":{"line":192,"column":27},"end":{"line":192,"column":52}},{"start":{"line":192,"column":55},"end":{"line":192,"column":81}}],"line":192},"16":{"loc":{"start":{"line":207,"column":7},"end":{"line":214,"column":7}},"type":"binary-expr","locations":[{"start":{"line":207,"column":7},"end":{"line":207,"column":17}},{"start":{"line":208,"column":8},"end":{"line":213,"column":14}}],"line":207},"17":{"loc":{"start":{"line":217,"column":7},"end":{"line":246,"column":7}},"type":"binary-expr","locations":[{"start":{"line":217,"column":7},"end":{"line":217,"column":20}},{"start":{"line":218,"column":8},"end":{"line":245,"column":14}}],"line":217},"18":{"loc":{"start":{"line":225,"column":54},"end":{"line":225,"column":104}},"type":"cond-expr","locations":[{"start":{"line":225,"column":89},"end":{"line":225,"column":99}},{"start":{"line":225,"column":102},"end":{"line":225,"column":104}}],"line":225},"19":{"loc":{"start":{"line":249,"column":7},"end":{"line":289,"column":7}},"type":"binary-expr","locations":[{"start":{"line":249,"column":7},"end":{"line":249,"column":22}},{"start":{"line":250,"column":8},"end":{"line":288,"column":14}}],"line":249},"20":{"loc":{"start":{"line":257,"column":54},"end":{"line":257,"column":112}},"type":"cond-expr","locations":[{"start":{"line":257,"column":97},"end":{"line":257,"column":107}},{"start":{"line":257,"column":110},"end":{"line":257,"column":112}}],"line":257},"21":{"loc":{"start":{"line":262,"column":40},"end":{"line":266,"column":34}},"type":"cond-expr","locations":[{"start":{"line":263,"column":24},"end":{"line":263,"column":57}},{"start":{"line":264,"column":24},"end":{"line":266,"column":34}}],"line":262},"22":{"loc":{"start":{"line":264,"column":24},"end":{"line":266,"column":34}},"type":"cond-expr","locations":[{"start":{"line":265,"column":26},"end":{"line":265,"column":46}},{"start":{"line":266,"column":26},"end":{"line":266,"column":34}}],"line":264},"23":{"loc":{"start":{"line":310,"column":9},"end":{"line":318,"column":9}},"type":"binary-expr","locations":[{"start":{"line":310,"column":9},"end":{"line":310,"column":17}},{"start":{"line":311,"column":10},"end":{"line":317,"column":16}}],"line":310},"24":{"loc":{"start":{"line":322,"column":11},"end":{"line":326,"column":44}},"type":"cond-expr","locations":[{"start":{"line":323,"column":15},"end":{"line":325,"column":43}},{"start":{"line":326,"column":14},"end":{"line":326,"column":44}}],"line":322},"25":{"loc":{"start":{"line":323,"column":15},"end":{"line":325,"column":43}},"type":"cond-expr","locations":[{"start":{"line":324,"column":18},"end":{"line":324,"column":30}},{"start":{"line":325,"column":18},"end":{"line":325,"column":43}}],"line":323},"26":{"loc":{"start":{"line":337,"column":22},"end":{"line":337,"column":43}},"type":"binary-expr","locations":[{"start":{"line":337,"column":22},"end":{"line":337,"column":31}},{"start":{"line":337,"column":35},"end":{"line":337,"column":43}}],"line":337},"27":{"loc":{"start":{"line":339,"column":13},"end":{"line":339,"column":50}},"type":"cond-expr","locations":[{"start":{"line":339,"column":24},"end":{"line":339,"column":40}},{"start":{"line":339,"column":42},"end":{"line":339,"column":50}}],"line":339},"28":{"loc":{"start":{"line":348,"column":22},"end":{"line":348,"column":71}},"type":"binary-expr","locations":[{"start":{"line":348,"column":22},"end":{"line":348,"column":48}},{"start":{"line":348,"column":52},"end":{"line":348,"column":71}}],"line":348},"29":{"loc":{"start":{"line":359,"column":22},"end":{"line":359,"column":43}},"type":"binary-expr","locations":[{"start":{"line":359,"column":22},"end":{"line":359,"column":31}},{"start":{"line":359,"column":35},"end":{"line":359,"column":43}}],"line":359},"30":{"loc":{"start":{"line":361,"column":13},"end":{"line":361,"column":55}},"type":"cond-expr","locations":[{"start":{"line":361,"column":24},"end":{"line":361,"column":40}},{"start":{"line":361,"column":42},"end":{"line":361,"column":55}}],"line":361},"31":{"loc":{"start":{"line":370,"column":22},"end":{"line":370,"column":43}},"type":"binary-expr","locations":[{"start":{"line":370,"column":22},"end":{"line":370,"column":31}},{"start":{"line":370,"column":35},"end":{"line":370,"column":43}}],"line":370},"32":{"loc":{"start":{"line":372,"column":13},"end":{"line":372,"column":49}},"type":"cond-expr","locations":[{"start":{"line":372,"column":24},"end":{"line":372,"column":40}},{"start":{"line":372,"column":42},"end":{"line":372,"column":49}}],"line":372},"33":{"loc":{"start":{"line":381,"column":22},"end":{"line":381,"column":66}},"type":"binary-expr","locations":[{"start":{"line":381,"column":22},"end":{"line":381,"column":31}},{"start":{"line":381,"column":35},"end":{"line":381,"column":43}},{"start":{"line":381,"column":47},"end":{"line":381,"column":66}}],"line":381},"34":{"loc":{"start":{"line":383,"column":13},"end":{"line":383,"column":55}},"type":"cond-expr","locations":[{"start":{"line":383,"column":24},"end":{"line":383,"column":40}},{"start":{"line":383,"column":42},"end":{"line":383,"column":55}}],"line":383},"35":{"loc":{"start":{"line":392,"column":22},"end":{"line":392,"column":43}},"type":"binary-expr","locations":[{"start":{"line":392,"column":22},"end":{"line":392,"column":31}},{"start":{"line":392,"column":35},"end":{"line":392,"column":43}}],"line":392},"36":{"loc":{"start":{"line":394,"column":13},"end":{"line":394,"column":47}},"type":"cond-expr","locations":[{"start":{"line":394,"column":24},"end":{"line":394,"column":40}},{"start":{"line":394,"column":42},"end":{"line":394,"column":47}}],"line":394},"37":{"loc":{"start":{"line":403,"column":22},"end":{"line":403,"column":43}},"type":"binary-expr","locations":[{"start":{"line":403,"column":22},"end":{"line":403,"column":31}},{"start":{"line":403,"column":35},"end":{"line":403,"column":43}}],"line":403},"38":{"loc":{"start":{"line":405,"column":13},"end":{"line":405,"column":52}},"type":"cond-expr","locations":[{"start":{"line":405,"column":24},"end":{"line":405,"column":40}},{"start":{"line":405,"column":42},"end":{"line":405,"column":52}}],"line":405},"39":{"loc":{"start":{"line":410,"column":9},"end":{"line":442,"column":9}},"type":"binary-expr","locations":[{"start":{"line":410,"column":9},"end":{"line":410,"column":25}},{"start":{"line":411,"column":12},"end":{"line":411,"column":46}},{"start":{"line":411,"column":50},"end":{"line":411,"column":85}},{"start":{"line":412,"column":11},"end":{"line":412,"column":44}},{"start":{"line":412,"column":48},"end":{"line":412,"column":83}},{"start":{"line":413,"column":12},"end":{"line":440,"column":18}}],"line":410},"40":{"loc":{"start":{"line":415,"column":17},"end":{"line":423,"column":17}},"type":"binary-expr","locations":[{"start":{"line":415,"column":17},"end":{"line":415,"column":35}},{"start":{"line":416,"column":18},"end":{"line":422,"column":22}}],"line":415},"41":{"loc":{"start":{"line":418,"column":27},"end":{"line":418,"column":59}},"type":"cond-expr","locations":[{"start":{"line":418,"column":44},"end":{"line":418,"column":49}},{"start":{"line":418,"column":52},"end":{"line":418,"column":59}}],"line":418},"42":{"loc":{"start":{"line":419,"column":32},"end":{"line":419,"column":66}},"type":"cond-expr","locations":[{"start":{"line":419,"column":49},"end":{"line":419,"column":55}},{"start":{"line":419,"column":58},"end":{"line":419,"column":66}}],"line":419},"43":{"loc":{"start":{"line":425,"column":19},"end":{"line":427,"column":165}},"type":"cond-expr","locations":[{"start":{"line":426,"column":22},"end":{"line":426,"column":143}},{"start":{"line":427,"column":22},"end":{"line":427,"column":165}}],"line":425},"44":{"loc":{"start":{"line":427,"column":94},"end":{"line":427,"column":162}},"type":"cond-expr","locations":[{"start":{"line":427,"column":120},"end":{"line":427,"column":157}},{"start":{"line":427,"column":160},"end":{"line":427,"column":162}}],"line":427},"45":{"loc":{"start":{"line":434,"column":17},"end":{"line":438,"column":17}},"type":"binary-expr","locations":[{"start":{"line":434,"column":17},"end":{"line":434,"column":51}},{"start":{"line":434,"column":55},"end":{"line":434,"column":91}},{"start":{"line":435,"column":18},"end":{"line":437,"column":27}}],"line":434},"46":{"loc":{"start":{"line":445,"column":9},"end":{"line":458,"column":11}},"type":"binary-expr","locations":[{"start":{"line":445,"column":9},"end":{"line":445,"column":25}},{"start":{"line":445,"column":29},"end":{"line":448,"column":11}},{"start":{"line":449,"column":12},"end":{"line":457,"column":18}}],"line":445},"47":{"loc":{"start":{"line":446,"column":12},"end":{"line":447,"column":86}},"type":"binary-expr","locations":[{"start":{"line":446,"column":13},"end":{"line":446,"column":47}},{"start":{"line":446,"column":51},"end":{"line":446,"column":86}},{"start":{"line":447,"column":13},"end":{"line":447,"column":46}},{"start":{"line":447,"column":50},"end":{"line":447,"column":85}}],"line":446},"48":{"loc":{"start":{"line":452,"column":19},"end":{"line":454,"column":85}},"type":"cond-expr","locations":[{"start":{"line":453,"column":22},"end":{"line":453,"column":92}},{"start":{"line":454,"column":22},"end":{"line":454,"column":85}}],"line":452},"49":{"loc":{"start":{"line":465,"column":9},"end":{"line":471,"column":9}},"type":"cond-expr","locations":[{"start":{"line":466,"column":10},"end":{"line":466,"column":36}},{"start":{"line":468,"column":10},"end":{"line":470,"column":12}}],"line":465}},"s":{"0":1,"1":8,"2":8,"3":8,"4":8,"5":8,"6":8,"7":8,"8":8,"9":8,"10":8,"11":8,"12":8,"13":8,"14":8,"15":8,"16":8,"17":8,"18":8,"19":0,"20":0,"21":0,"22":0,"23":8,"24":0,"25":8,"26":0,"27":0,"28":8,"29":8,"30":1,"31":1,"32":8,"33":1,"34":1,"35":1,"36":8,"37":0,"38":0,"39":8,"40":1,"41":1,"42":1,"43":1,"44":1,"45":1,"46":1,"47":1,"48":1,"49":1,"50":1,"51":1,"52":1,"53":1,"54":1,"55":0,"56":8,"57":0,"58":0,"59":8,"60":0,"61":0,"62":8,"63":8,"64":8,"65":8,"66":8,"67":8,"68":8,"69":8,"70":6,"71":5,"72":1,"73":0,"74":0,"75":1,"76":1,"77":8,"78":8,"79":8,"80":0,"81":0,"82":0,"83":0,"84":0,"85":0,"86":0,"87":0,"88":8,"89":6,"90":0,"91":0,"92":0,"93":0,"94":0,"95":0,"96":0,"97":8,"98":0,"99":8,"100":0,"101":8,"102":8,"103":8,"104":0,"105":0,"106":0,"107":0,"108":0,"109":0,"110":0,"111":0,"112":0,"113":0,"114":0,"115":0,"116":0,"117":0,"118":0,"119":0,"120":0,"121":0,"122":0,"123":0,"124":0,"125":0,"126":0,"127":0,"128":0,"129":0,"130":0,"131":0,"132":0,"133":0,"134":0,"135":0,"136":0,"137":0,"138":0,"139":0,"140":0,"141":0,"142":0,"143":1},"f":{"0":8,"1":0,"2":0,"3":0,"4":8,"5":1,"6":1,"7":1,"8":0,"9":1,"10":0,"11":0,"12":0,"13":8,"14":6,"15":0,"16":0,"17":1,"18":8,"19":0,"20":0,"21":6,"22":0,"23":0,"24":0,"25":0,"26":0,"27":0,"28":0,"29":0,"30":0,"31":0,"32":0,"33":0,"34":0,"35":0,"36":0,"37":0,"38":0,"39":0,"40":0,"41":0,"42":0,"43":0,"44":0,"45":0,"46":0,"47":0,"48":0,"49":0,"50":1},"b":{"0":[0,0],"1":[0,0],"2":[0],"3":[1,0],"4":[0,0],"5":[0,0],"6":[5,1],"7":[6,1],"8":[8,0],"9":[8,8],"10":[0,6],"11":[6,1],"12":[8,1],"13":[1,0],"14":[1,0],"15":[1,0],"16":[8,0],"17":[8,0],"18":[0,0],"19":[8,0],"20":[0,0],"21":[0,0],"22":[0,0],"23":[8,0],"24":[0,8],"25":[0,0],"26":[8,0],"27":[0,8],"28":[8,0],"29":[8,0],"30":[0,8],"31":[8,0],"32":[0,8],"33":[8,0,0],"34":[0,8],"35":[8,0],"36":[0,8],"37":[8,0],"38":[0,8],"39":[8,1,1,0,0,1],"40":[1,1],"41":[0,1],"42":[0,1],"43":[0,1],"44":[1,0],"45":[1,1,1],"46":[8,1,0],"47":[1,1,0,0],"48":[0,0],"49":[7,1]},"_coverageSchema":"1a1c01bbd47fc00a2c39e90264f33305004495a9","hash":"7c864cb92f9bca5d67b58c104822df190c8002bc"}
,"C:\\Users\\allie\\OneDrive\\Documents\\GitHub\\Coup2\\client\\my-react-app\\src\\Components\\Home\\HomePage.jsx": {"path":"C:\\Users\\allie\\OneDrive\\Documents\\GitHub\\Coup2\\client\\my-react-app\\src\\Components\\Home\\HomePage.jsx","statementMap":{"0":{"start":{"line":7,"column":17},"end":{"line":133,"column":1}},"1":{"start":{"line":8,"column":19},"end":{"line":8,"column":32}},"2":{"start":{"line":9,"column":17},"end":{"line":9,"column":28}},"3":{"start":{"line":11,"column":20},"end":{"line":11,"column":55}},"4":{"start":{"line":12,"column":19},"end":{"line":12,"column":51}},"5":{"start":{"line":13,"column":28},"end":{"line":13,"column":42}},"6":{"start":{"line":15,"column":52},"end":{"line":15,"column":67}},"7":{"start":{"line":16,"column":40},"end":{"line":16,"column":52}},"8":{"start":{"line":18,"column":27},"end":{"line":30,"column":3}},"9":{"start":{"line":19,"column":4},"end":{"line":29,"column":5}},"10":{"start":{"line":20,"column":23},"end":{"line":20,"column":76}},"11":{"start":{"line":22,"column":6},"end":{"line":26,"column":7}},"12":{"start":{"line":23,"column":8},"end":{"line":23,"column":38}},"13":{"start":{"line":25,"column":8},"end":{"line":25,"column":56}},"14":{"start":{"line":28,"column":6},"end":{"line":28,"column":56}},"15":{"start":{"line":32,"column":27},"end":{"line":58,"column":3}},"16":{"start":{"line":33,"column":4},"end":{"line":57,"column":5}},"17":{"start":{"line":34,"column":23},"end":{"line":34,"column":71}},"18":{"start":{"line":36,"column":6},"end":{"line":38,"column":7}},"19":{"start":{"line":37,"column":8},"end":{"line":37,"column":66}},"20":{"start":{"line":40,"column":26},"end":{"line":40,"column":62}},"21":{"start":{"line":41,"column":6},"end":{"line":54,"column":7}},"22":{"start":{"line":42,"column":21},"end":{"line":42,"column":42}},"23":{"start":{"line":43,"column":26},"end":{"line":43,"column":36}},"24":{"start":{"line":44,"column":8},"end":{"line":50,"column":11}},"25":{"start":{"line":45,"column":10},"end":{"line":49,"column":11}},"26":{"start":{"line":46,"column":12},"end":{"line":46,"column":85}},"27":{"start":{"line":48,"column":12},"end":{"line":48,"column":66}},"28":{"start":{"line":52,"column":21},"end":{"line":52,"column":42}},"29":{"start":{"line":53,"column":8},"end":{"line":53,"column":60}},"30":{"start":{"line":56,"column":6},"end":{"line":56,"column":50}},"31":{"start":{"line":60,"column":2},"end":{"line":132,"column":4}},"32":{"start":{"line":95,"column":10},"end":{"line":95,"column":37}},"33":{"start":{"line":96,"column":10},"end":{"line":96,"column":29}},"34":{"start":{"line":112,"column":34},"end":{"line":112,"column":72}},"35":{"start":{"line":113,"column":18},"end":{"line":121,"column":20}},"36":{"start":{"line":125,"column":35},"end":{"line":125,"column":62}}},"fnMap":{"0":{"name":"(anonymous_0)","decl":{"start":{"line":7,"column":17},"end":{"line":7,"column":18}},"loc":{"start":{"line":7,"column":23},"end":{"line":133,"column":1}},"line":7},"1":{"name":"(anonymous_1)","decl":{"start":{"line":18,"column":27},"end":{"line":18,"column":28}},"loc":{"start":{"line":18,"column":39},"end":{"line":30,"column":3}},"line":18},"2":{"name":"(anonymous_2)","decl":{"start":{"line":32,"column":27},"end":{"line":32,"column":28}},"loc":{"start":{"line":32,"column":39},"end":{"line":58,"column":3}},"line":32},"3":{"name":"(anonymous_3)","decl":{"start":{"line":44,"column":76},"end":{"line":44,"column":77}},"loc":{"start":{"line":44,"column":85},"end":{"line":50,"column":9}},"line":44},"4":{"name":"(anonymous_4)","decl":{"start":{"line":94,"column":42},"end":{"line":94,"column":43}},"loc":{"start":{"line":94,"column":48},"end":{"line":97,"column":9}},"line":94},"5":{"name":"(anonymous_5)","decl":{"start":{"line":111,"column":32},"end":{"line":111,"column":33}},"loc":{"start":{"line":111,"column":51},"end":{"line":122,"column":17}},"line":111},"6":{"name":"(anonymous_6)","decl":{"start":{"line":125,"column":29},"end":{"line":125,"column":30}},"loc":{"start":{"line":125,"column":35},"end":{"line":125,"column":62}},"line":125}},"branchMap":{"0":{"loc":{"start":{"line":22,"column":6},"end":{"line":26,"column":7}},"type":"if","locations":[{"start":{"line":22,"column":6},"end":{"line":26,"column":7}},{"start":{"line":24,"column":13},"end":{"line":26,"column":7}}],"line":22},"1":{"loc":{"start":{"line":36,"column":6},"end":{"line":38,"column":7}},"type":"if","locations":[{"start":{"line":36,"column":6},"end":{"line":38,"column":7}},{"start":{},"end":{}}],"line":36},"2":{"loc":{"start":{"line":41,"column":6},"end":{"line":54,"column":7}},"type":"if","locations":[{"start":{"line":41,"column":6},"end":{"line":54,"column":7}},{"start":{"line":51,"column":13},"end":{"line":54,"column":7}}],"line":41},"3":{"loc":{"start":{"line":41,"column":10},"end":{"line":41,"column":65}},"type":"binary-expr","locations":[{"start":{"line":41,"column":10},"end":{"line":41,"column":21}},{"start":{"line":41,"column":25},"end":{"line":41,"column":65}}],"line":41},"4":{"loc":{"start":{"line":45,"column":10},"end":{"line":49,"column":11}},"type":"if","locations":[{"start":{"line":45,"column":10},"end":{"line":49,"column":11}},{"start":{"line":47,"column":17},"end":{"line":49,"column":11}}],"line":45},"5":{"loc":{"start":{"line":48,"column":26},"end":{"line":48,"column":64}},"type":"binary-expr","locations":[{"start":{"line":48,"column":26},"end":{"line":48,"column":37}},{"start":{"line":48,"column":41},"end":{"line":48,"column":64}}],"line":48},"6":{"loc":{"start":{"line":103,"column":7},"end":{"line":128,"column":7}},"type":"binary-expr","locations":[{"start":{"line":103,"column":7},"end":{"line":103,"column":24}},{"start":{"line":104,"column":8},"end":{"line":127,"column":14}}],"line":103},"7":{"loc":{"start":{"line":108,"column":15},"end":{"line":123,"column":15}},"type":"cond-expr","locations":[{"start":{"line":109,"column":16},"end":{"line":109,"column":64}},{"start":{"line":111,"column":16},"end":{"line":122,"column":18}}],"line":108},"8":{"loc":{"start":{"line":112,"column":34},"end":{"line":112,"column":72}},"type":"cond-expr","locations":[{"start":{"line":112,"column":58},"end":{"line":112,"column":63}},{"start":{"line":112,"column":66},"end":{"line":112,"column":72}}],"line":112}},"s":{"0":1,"1":3,"2":3,"3":3,"4":3,"5":3,"6":3,"7":3,"8":3,"9":0,"10":0,"11":0,"12":0,"13":0,"14":0,"15":3,"16":2,"17":2,"18":2,"19":1,"20":1,"21":1,"22":1,"23":1,"24":1,"25":1,"26":1,"27":0,"28":0,"29":0,"30":1,"31":3,"32":0,"33":0,"34":0,"35":0,"36":0},"f":{"0":3,"1":0,"2":2,"3":1,"4":0,"5":0,"6":0},"b":{"0":[0,0],"1":[1,1],"2":[1,0],"3":[1,1],"4":[1,0],"5":[0,0],"6":[3,0],"7":[0,0],"8":[0,0]},"_coverageSchema":"1a1c01bbd47fc00a2c39e90264f33305004495a9","hash":"7b52b90886b430ab8e5e7f2f29208a8a64fe49f9"}
,"C:\\Users\\allie\\OneDrive\\Documents\\GitHub\\Coup2\\client\\my-react-app\\src\\Components\\Lobby\\Lobby.jsx": {"path":"C:\\Users\\allie\\OneDrive\\Documents\\GitHub\\Coup2\\client\\my-react-app\\src\\Components\\Lobby\\Lobby.jsx","statementMap":{"0":{"start":{"line":11,"column":14},"end":{"line":163,"column":1}},"1":{"start":{"line":12,"column":25},"end":{"line":12,"column":42}},"2":{"start":{"line":13,"column":20},"end":{"line":13,"column":45}},"3":{"start":{"line":14,"column":17},"end":{"line":14,"column":28}},"4":{"start":{"line":15,"column":19},"end":{"line":15,"column":32}},"5":{"start":{"line":17,"column":32},"end":{"line":17,"column":44}},"6":{"start":{"line":18,"column":19},"end":{"line":18,"column":68}},"7":{"start":{"line":18,"column":60},"end":{"line":18,"column":67}},"8":{"start":{"line":19,"column":32},"end":{"line":19,"column":47}},"9":{"start":{"line":20,"column":40},"end":{"line":20,"column":55}},"10":{"start":{"line":22,"column":32},"end":{"line":22,"column":47}},"11":{"start":{"line":23,"column":19},"end":{"line":23,"column":31}},"12":{"start":{"line":25,"column":19},"end":{"line":25,"column":51}},"13":{"start":{"line":27,"column":2},"end":{"line":41,"column":18}},"14":{"start":{"line":28,"column":4},"end":{"line":40,"column":5}},"15":{"start":{"line":29,"column":6},"end":{"line":37,"column":75}},"16":{"start":{"line":31,"column":10},"end":{"line":33,"column":11}},"17":{"start":{"line":32,"column":12},"end":{"line":32,"column":70}},"18":{"start":{"line":34,"column":10},"end":{"line":34,"column":33}},"19":{"start":{"line":36,"column":24},"end":{"line":36,"column":48}},"20":{"start":{"line":37,"column":26},"end":{"line":37,"column":73}},"21":{"start":{"line":39,"column":6},"end":{"line":39,"column":45}},"22":{"start":{"line":43,"column":2},"end":{"line":59,"column":36}},"23":{"start":{"line":44,"column":4},"end":{"line":48,"column":7}},"24":{"start":{"line":45,"column":6},"end":{"line":45,"column":33}},"25":{"start":{"line":46,"column":22},"end":{"line":46,"column":67}},"26":{"start":{"line":46,"column":47},"end":{"line":46,"column":66}},"27":{"start":{"line":47,"column":6},"end":{"line":47,"column":42}},"28":{"start":{"line":50,"column":4},"end":{"line":53,"column":7}},"29":{"start":{"line":51,"column":6},"end":{"line":51,"column":27}},"30":{"start":{"line":52,"column":6},"end":{"line":52,"column":43}},"31":{"start":{"line":55,"column":4},"end":{"line":58,"column":6}},"32":{"start":{"line":56,"column":6},"end":{"line":56,"column":33}},"33":{"start":{"line":57,"column":6},"end":{"line":57,"column":33}},"34":{"start":{"line":62,"column":2},"end":{"line":70,"column":16}},"35":{"start":{"line":63,"column":4},"end":{"line":69,"column":5}},"36":{"start":{"line":64,"column":6},"end":{"line":68,"column":7}},"37":{"start":{"line":65,"column":8},"end":{"line":65,"column":83}},"38":{"start":{"line":65,"column":45},"end":{"line":65,"column":81}},"39":{"start":{"line":67,"column":8},"end":{"line":67,"column":33}},"40":{"start":{"line":74,"column":26},"end":{"line":76,"column":3}},"41":{"start":{"line":75,"column":4},"end":{"line":75,"column":45}},"42":{"start":{"line":79,"column":27},"end":{"line":82,"column":3}},"43":{"start":{"line":80,"column":4},"end":{"line":80,"column":56}},"44":{"start":{"line":81,"column":4},"end":{"line":81,"column":22}},"45":{"start":{"line":84,"column":2},"end":{"line":162,"column":4}},"46":{"start":{"line":98,"column":25},"end":{"line":98,"column":45}},"47":{"start":{"line":108,"column":12},"end":{"line":113,"column":17}},"48":{"start":{"line":109,"column":26},"end":{"line":109,"column":61}},"49":{"start":{"line":111,"column":16},"end":{"line":111,"column":54}},"50":{"start":{"line":112,"column":16},"end":{"line":112,"column":58}},"51":{"start":{"line":123,"column":12},"end":{"line":128,"column":17}},"52":{"start":{"line":136,"column":12},"end":{"line":136,"column":94}},"53":{"start":{"line":137,"column":12},"end":{"line":137,"column":81}},"54":{"start":{"line":138,"column":12},"end":{"line":138,"column":33}}},"fnMap":{"0":{"name":"(anonymous_0)","decl":{"start":{"line":11,"column":14},"end":{"line":11,"column":15}},"loc":{"start":{"line":11,"column":20},"end":{"line":163,"column":1}},"line":11},"1":{"name":"(anonymous_1)","decl":{"start":{"line":18,"column":55},"end":{"line":18,"column":56}},"loc":{"start":{"line":18,"column":60},"end":{"line":18,"column":67}},"line":18},"2":{"name":"(anonymous_2)","decl":{"start":{"line":27,"column":12},"end":{"line":27,"column":13}},"loc":{"start":{"line":27,"column":18},"end":{"line":41,"column":3}},"line":27},"3":{"name":"(anonymous_3)","decl":{"start":{"line":30,"column":14},"end":{"line":30,"column":15}},"loc":{"start":{"line":30,"column":28},"end":{"line":35,"column":9}},"line":30},"4":{"name":"(anonymous_4)","decl":{"start":{"line":36,"column":14},"end":{"line":36,"column":15}},"loc":{"start":{"line":36,"column":24},"end":{"line":36,"column":48}},"line":36},"5":{"name":"(anonymous_5)","decl":{"start":{"line":37,"column":15},"end":{"line":37,"column":16}},"loc":{"start":{"line":37,"column":26},"end":{"line":37,"column":73}},"line":37},"6":{"name":"(anonymous_6)","decl":{"start":{"line":43,"column":12},"end":{"line":43,"column":13}},"loc":{"start":{"line":43,"column":18},"end":{"line":59,"column":3}},"line":43},"7":{"name":"(anonymous_7)","decl":{"start":{"line":44,"column":30},"end":{"line":44,"column":31}},"loc":{"start":{"line":44,"column":50},"end":{"line":48,"column":5}},"line":44},"8":{"name":"(anonymous_8)","decl":{"start":{"line":46,"column":42},"end":{"line":46,"column":43}},"loc":{"start":{"line":46,"column":47},"end":{"line":46,"column":66}},"line":46},"9":{"name":"(anonymous_9)","decl":{"start":{"line":50,"column":30},"end":{"line":50,"column":31}},"loc":{"start":{"line":50,"column":36},"end":{"line":53,"column":5}},"line":50},"10":{"name":"(anonymous_10)","decl":{"start":{"line":55,"column":11},"end":{"line":55,"column":12}},"loc":{"start":{"line":55,"column":17},"end":{"line":58,"column":5}},"line":55},"11":{"name":"(anonymous_11)","decl":{"start":{"line":62,"column":12},"end":{"line":62,"column":13}},"loc":{"start":{"line":62,"column":18},"end":{"line":70,"column":3}},"line":62},"12":{"name":"(anonymous_12)","decl":{"start":{"line":65,"column":38},"end":{"line":65,"column":39}},"loc":{"start":{"line":65,"column":45},"end":{"line":65,"column":81}},"line":65},"13":{"name":"(anonymous_13)","decl":{"start":{"line":74,"column":26},"end":{"line":74,"column":27}},"loc":{"start":{"line":74,"column":32},"end":{"line":76,"column":3}},"line":74},"14":{"name":"(anonymous_14)","decl":{"start":{"line":79,"column":27},"end":{"line":79,"column":28}},"loc":{"start":{"line":79,"column":33},"end":{"line":82,"column":3}},"line":79},"15":{"name":"(anonymous_15)","decl":{"start":{"line":98,"column":19},"end":{"line":98,"column":20}},"loc":{"start":{"line":98,"column":25},"end":{"line":98,"column":45}},"line":98},"16":{"name":"(anonymous_16)","decl":{"start":{"line":107,"column":19},"end":{"line":107,"column":20}},"loc":{"start":{"line":107,"column":25},"end":{"line":114,"column":11}},"line":107},"17":{"name":"(anonymous_17)","decl":{"start":{"line":109,"column":20},"end":{"line":109,"column":21}},"loc":{"start":{"line":109,"column":26},"end":{"line":109,"column":61}},"line":109},"18":{"name":"(anonymous_18)","decl":{"start":{"line":110,"column":21},"end":{"line":110,"column":22}},"loc":{"start":{"line":110,"column":28},"end":{"line":113,"column":15}},"line":110},"19":{"name":"(anonymous_19)","decl":{"start":{"line":122,"column":23},"end":{"line":122,"column":24}},"loc":{"start":{"line":123,"column":12},"end":{"line":128,"column":17}},"line":123},"20":{"name":"(anonymous_20)","decl":{"start":{"line":135,"column":19},"end":{"line":135,"column":20}},"loc":{"start":{"line":135,"column":25},"end":{"line":139,"column":11}},"line":135}},"branchMap":{"0":{"loc":{"start":{"line":18,"column":19},"end":{"line":18,"column":68}},"type":"binary-expr","locations":[{"start":{"line":18,"column":19},"end":{"line":18,"column":37}},{"start":{"line":18,"column":41},"end":{"line":18,"column":68}}],"line":18},"1":{"loc":{"start":{"line":28,"column":4},"end":{"line":40,"column":5}},"type":"if","locations":[{"start":{"line":28,"column":4},"end":{"line":40,"column":5}},{"start":{"line":38,"column":11},"end":{"line":40,"column":5}}],"line":28},"2":{"loc":{"start":{"line":31,"column":10},"end":{"line":33,"column":11}},"type":"if","locations":[{"start":{"line":31,"column":10},"end":{"line":33,"column":11}},{"start":{},"end":{}}],"line":31},"3":{"loc":{"start":{"line":47,"column":17},"end":{"line":47,"column":40}},"type":"binary-expr","locations":[{"start":{"line":47,"column":17},"end":{"line":47,"column":31}},{"start":{"line":47,"column":35},"end":{"line":47,"column":40}}],"line":47},"4":{"loc":{"start":{"line":63,"column":4},"end":{"line":69,"column":5}},"type":"if","locations":[{"start":{"line":63,"column":4},"end":{"line":69,"column":5}},{"start":{},"end":{}}],"line":63},"5":{"loc":{"start":{"line":64,"column":6},"end":{"line":68,"column":7}},"type":"if","locations":[{"start":{"line":64,"column":6},"end":{"line":68,"column":7}},{"start":{"line":66,"column":13},"end":{"line":68,"column":7}}],"line":64},"6":{"loc":{"start":{"line":99,"column":17},"end":{"line":99,"column":61}},"type":"cond-expr","locations":[{"start":{"line":99,"column":27},"end":{"line":99,"column":43}},{"start":{"line":99,"column":46},"end":{"line":99,"column":61}}],"line":99},"7":{"loc":{"start":{"line":101,"column":11},"end":{"line":101,"column":69}},"type":"cond-expr","locations":[{"start":{"line":101,"column":21},"end":{"line":101,"column":42}},{"start":{"line":101,"column":45},"end":{"line":101,"column":69}}],"line":101},"8":{"loc":{"start":{"line":125,"column":25},"end":{"line":125,"column":72}},"type":"cond-expr","locations":[{"start":{"line":125,"column":40},"end":{"line":125,"column":53}},{"start":{"line":125,"column":56},"end":{"line":125,"column":72}}],"line":125},"9":{"loc":{"start":{"line":127,"column":31},"end":{"line":127,"column":67}},"type":"cond-expr","locations":[{"start":{"line":127,"column":46},"end":{"line":127,"column":53}},{"start":{"line":127,"column":56},"end":{"line":127,"column":67}}],"line":127},"10":{"loc":{"start":{"line":136,"column":27},"end":{"line":136,"column":62}},"type":"cond-expr","locations":[{"start":{"line":136,"column":37},"end":{"line":136,"column":49}},{"start":{"line":136,"column":52},"end":{"line":136,"column":62}}],"line":136},"11":{"loc":{"start":{"line":141,"column":11},"end":{"line":141,"column":43}},"type":"cond-expr","locations":[{"start":{"line":141,"column":21},"end":{"line":141,"column":30}},{"start":{"line":141,"column":33},"end":{"line":141,"column":43}}],"line":141},"12":{"loc":{"start":{"line":148,"column":20},"end":{"line":148,"column":44}},"type":"binary-expr","locations":[{"start":{"line":148,"column":20},"end":{"line":148,"column":29}},{"start":{"line":148,"column":33},"end":{"line":148,"column":44}}],"line":148},"13":{"loc":{"start":{"line":150,"column":11},"end":{"line":150,"column":58}},"type":"cond-expr","locations":[{"start":{"line":150,"column":25},"end":{"line":150,"column":43}},{"start":{"line":150,"column":46},"end":{"line":150,"column":58}}],"line":150}},"s":{"0":1,"1":11,"2":11,"3":11,"4":11,"5":11,"6":11,"7":5,"8":11,"9":11,"10":11,"11":11,"12":11,"13":11,"14":5,"15":5,"16":5,"17":0,"18":5,"19":5,"20":0,"21":0,"22":11,"23":11,"24":1,"25":1,"26":1,"27":1,"28":11,"29":1,"30":1,"31":11,"32":11,"33":11,"34":11,"35":5,"36":5,"37":0,"38":0,"39":5,"40":11,"41":0,"42":11,"43":1,"44":1,"45":11,"46":0,"47":0,"48":0,"49":0,"50":0,"51":5,"52":1,"53":1,"54":1},"f":{"0":11,"1":5,"2":5,"3":5,"4":5,"5":0,"6":11,"7":1,"8":1,"9":1,"10":11,"11":5,"12":0,"13":0,"14":1,"15":0,"16":0,"17":0,"18":0,"19":5,"20":1},"b":{"0":[11,5],"1":[5,0],"2":[0,5],"3":[1,1],"4":[5,0],"5":[0,5],"6":[0,11],"7":[0,11],"8":[2,3],"9":[2,3],"10":[0,1],"11":[1,10],"12":[11,2],"13":[2,9]},"_coverageSchema":"1a1c01bbd47fc00a2c39e90264f33305004495a9","hash":"1cfa0517a0e4a52a984da35f175baec2bead7333"}
,"C:\\Users\\allie\\OneDrive\\Documents\\GitHub\\Coup2\\client\\my-react-app\\src\\Components\\PlayerStation\\PlayerStation.jsx": {"path":"C:\\Users\\allie\\OneDrive\\Documents\\GitHub\\Coup2\\client\\my-react-app\\src\\Components\\PlayerStation\\PlayerStation.jsx","statementMap":{"0":{"start":{"line":6,"column":22},"end":{"line":10,"column":3}},"1":{"start":{"line":7,"column":4},"end":{"line":9,"column":5}},"2":{"start":{"line":8,"column":6},"end":{"line":8,"column":33}},"3":{"start":{"line":12,"column":2},"end":{"line":34,"column":4}},"4":{"start":{"line":22,"column":12},"end":{"line":22,"column":66}},"5":{"start":{"line":27,"column":12},"end":{"line":27,"column":62}}},"fnMap":{"0":{"name":"PlayerStation","decl":{"start":{"line":5,"column":24},"end":{"line":5,"column":37}},"loc":{"start":{"line":5,"column":103},"end":{"line":35,"column":1}},"line":5},"1":{"name":"(anonymous_1)","decl":{"start":{"line":6,"column":22},"end":{"line":6,"column":23}},"loc":{"start":{"line":6,"column":28},"end":{"line":10,"column":3}},"line":6},"2":{"name":"(anonymous_2)","decl":{"start":{"line":21,"column":60},"end":{"line":21,"column":61}},"loc":{"start":{"line":22,"column":12},"end":{"line":22,"column":66}},"line":22},"3":{"name":"(anonymous_3)","decl":{"start":{"line":26,"column":32},"end":{"line":26,"column":33}},"loc":{"start":{"line":27,"column":12},"end":{"line":27,"column":62}},"line":27}},"branchMap":{"0":{"loc":{"start":{"line":7,"column":4},"end":{"line":9,"column":5}},"type":"if","locations":[{"start":{"line":7,"column":4},"end":{"line":9,"column":5}},{"start":{},"end":{}}],"line":7},"1":{"loc":{"start":{"line":7,"column":8},"end":{"line":7,"column":37}},"type":"binary-expr","locations":[{"start":{"line":7,"column":8},"end":{"line":7,"column":20}},{"start":{"line":7,"column":24},"end":{"line":7,"column":37}}],"line":7},"2":{"loc":{"start":{"line":14,"column":28},"end":{"line":14,"column":78}},"type":"cond-expr","locations":[{"start":{"line":14,"column":41},"end":{"line":14,"column":59}},{"start":{"line":14,"column":62},"end":{"line":14,"column":78}}],"line":14},"3":{"loc":{"start":{"line":14,"column":82},"end":{"line":14,"column":114}},"type":"cond-expr","locations":[{"start":{"line":14,"column":97},"end":{"line":14,"column":109}},{"start":{"line":14,"column":112},"end":{"line":14,"column":114}}],"line":14},"4":{"loc":{"start":{"line":20,"column":9},"end":{"line":29,"column":9}},"type":"cond-expr","locations":[{"start":{"line":21,"column":10},"end":{"line":23,"column":12}},{"start":{"line":25,"column":10},"end":{"line":28,"column":12}}],"line":20},"5":{"loc":{"start":{"line":25,"column":10},"end":{"line":28,"column":12}},"type":"binary-expr","locations":[{"start":{"line":25,"column":10},"end":{"line":25,"column":42}},{"start":{"line":26,"column":10},"end":{"line":28,"column":12}}],"line":25}},"s":{"0":0,"1":0,"2":0,"3":0,"4":0,"5":0},"f":{"0":0,"1":0,"2":0,"3":0},"b":{"0":[0,0],"1":[0,0],"2":[0,0],"3":[0,0],"4":[0,0],"5":[0,0]},"_coverageSchema":"1a1c01bbd47fc00a2c39e90264f33305004495a9","hash":"3ec0930d3fad1112fd39b0dddfef66c0073ee809"}
,"C:\\Users\\allie\\OneDrive\\Documents\\GitHub\\Coup2\\client\\my-react-app\\src\\Components\\Wallet\\Wallet.jsx": {"path":"C:\\Users\\allie\\OneDrive\\Documents\\GitHub\\Coup2\\client\\my-react-app\\src\\Components\\Wallet\\Wallet.jsx","statementMap":{"0":{"start":{"line":6,"column":4},"end":{"line":11,"column":6}}},"fnMap":{"0":{"name":"Wallet","decl":{"start":{"line":4,"column":24},"end":{"line":4,"column":30}},"loc":{"start":{"line":4,"column":42},"end":{"line":12,"column":1}},"line":4}},"branchMap":{},"s":{"0":0},"f":{"0":0},"b":{},"_coverageSchema":"1a1c01bbd47fc00a2c39e90264f33305004495a9","hash":"06344d5b395a347f9ecd494f03de07c93b107147"}
}
