TN:
SF:mocks\fileMock.js
FNF:0
FNH:0
LF:0
LH:0
BRF:0
BRH:0
end_of_record
TN:
SF:src\Components\Card\Card.jsx
FN:18,Card
FN:19,(anonymous_1)
FNF:2
FNH:0
FNDA:0,Card
FNDA:0,(anonymous_1)
DA:10,1
DA:19,0
DA:20,0
DA:21,0
DA:22,0
DA:23,0
DA:24,0
DA:25,0
DA:26,0
DA:30,0
DA:32,0
LF:11
LH:1
BRDA:20,0,0,0
BRDA:20,0,1,0
BRDA:20,0,2,0
BRDA:20,0,3,0
BRDA:20,0,4,0
BRDA:20,0,5,0
BRDA:30,1,0,0
BRDA:30,1,1,0
BRDA:37,2,0,0
BRDA:37,2,1,0
BRDA:38,3,0,0
BRDA:38,3,1,0
BRDA:40,4,0,0
BRDA:40,4,1,0
BRDA:42,5,0,0
BRDA:42,5,1,0
BRDA:46,6,0,0
BRDA:46,6,1,0
BRF:18
BRH:0
end_of_record
TN:
SF:src\Components\Game\Game.jsx
FN:14,(anonymous_0)
FN:35,(anonymous_1)
FN:43,(anonymous_2)
FN:47,(anonymous_3)
FN:56,(anonymous_4)
FN:57,(anonymous_5)
FN:58,(anonymous_6)
FN:61,(anonymous_7)
FN:67,(anonymous_8)
FN:72,(anonymous_9)
FN:95,(anonymous_10)
FN:101,(anonymous_11)
FN:111,(anonymous_12)
FN:120,(anonymous_13)
FN:130,(anonymous_14)
FN:133,(anonymous_15)
FN:134,(anonymous_16)
FN:137,(anonymous_17)
FN:141,(anonymous_18)
FN:146,(anonymous_19)
FN:154,(anonymous_20)
FN:159,(anonymous_21)
FN:161,(anonymous_22)
FN:169,(anonymous_23)
FN:172,(anonymous_24)
FN:178,(anonymous_25)
FN:179,(anonymous_26)
FN:193,(anonymous_27)
FN:202,(anonymous_28)
FN:203,(anonymous_29)
FN:222,(anonymous_30)
FN:226,(anonymous_31)
FN:236,(anonymous_32)
FN:254,(anonymous_33)
FN:258,(anonymous_34)
FN:263,(anonymous_35)
FN:279,(anonymous_36)
FN:280,(anonymous_37)
FN:294,(anonymous_38)
FN:300,(anonymous_39)
FN:303,(anonymous_40)
FN:333,(anonymous_41)
FN:344,(anonymous_42)
FN:355,(anonymous_43)
FN:366,(anonymous_44)
FN:377,(anonymous_45)
FN:388,(anonymous_46)
FN:399,(anonymous_47)
FN:430,(anonymous_48)
FN:435,(anonymous_49)
FN:468,(anonymous_50)
FNF:51
FNH:12
FNDA:8,(anonymous_0)
FNDA:0,(anonymous_1)
FNDA:0,(anonymous_2)
FNDA:0,(anonymous_3)
FNDA:8,(anonymous_4)
FNDA:1,(anonymous_5)
FNDA:1,(anonymous_6)
FNDA:1,(anonymous_7)
FNDA:0,(anonymous_8)
FNDA:1,(anonymous_9)
FNDA:0,(anonymous_10)
FNDA:0,(anonymous_11)
FNDA:0,(anonymous_12)
FNDA:8,(anonymous_13)
FNDA:6,(anonymous_14)
FNDA:0,(anonymous_15)
FNDA:0,(anonymous_16)
FNDA:1,(anonymous_17)
FNDA:8,(anonymous_18)
FNDA:0,(anonymous_19)
FNDA:0,(anonymous_20)
FNDA:6,(anonymous_21)
FNDA:0,(anonymous_22)
FNDA:0,(anonymous_23)
FNDA:0,(anonymous_24)
FNDA:0,(anonymous_25)
FNDA:0,(anonymous_26)
FNDA:0,(anonymous_27)
FNDA:0,(anonymous_28)
FNDA:0,(anonymous_29)
FNDA:0,(anonymous_30)
FNDA:0,(anonymous_31)
FNDA:0,(anonymous_32)
FNDA:0,(anonymous_33)
FNDA:0,(anonymous_34)
FNDA:0,(anonymous_35)
FNDA:0,(anonymous_36)
FNDA:0,(anonymous_37)
FNDA:0,(anonymous_38)
FNDA:0,(anonymous_39)
FNDA:0,(anonymous_40)
FNDA:0,(anonymous_41)
FNDA:0,(anonymous_42)
FNDA:0,(anonymous_43)
FNDA:0,(anonymous_44)
FNDA:0,(anonymous_45)
FNDA:0,(anonymous_46)
FNDA:0,(anonymous_47)
FNDA:0,(anonymous_48)
FNDA:0,(anonymous_49)
FNDA:1,(anonymous_50)
DA:14,1
DA:15,8
DA:16,8
DA:17,8
DA:18,8
DA:19,8
DA:21,8
DA:22,8
DA:23,8
DA:24,8
DA:25,8
DA:26,8
DA:27,8
DA:28,8
DA:29,8
DA:30,8
DA:31,8
DA:32,8
DA:35,8
DA:36,0
DA:37,0
DA:38,0
DA:39,0
DA:43,8
DA:44,0
DA:47,8
DA:48,0
DA:49,0
DA:56,8
DA:57,8
DA:58,1
DA:61,8
DA:62,1
DA:63,1
DA:64,1
DA:67,8
DA:68,0
DA:69,0
DA:72,8
DA:73,1
DA:74,1
DA:76,1
DA:77,1
DA:78,1
DA:79,1
DA:80,1
DA:81,1
DA:82,1
DA:83,1
DA:84,1
DA:85,1
DA:87,1
DA:89,1
DA:95,1
DA:96,0
DA:101,8
DA:102,0
DA:103,0
DA:111,8
DA:112,0
DA:113,0
DA:120,8
DA:121,8
DA:122,8
DA:123,8
DA:124,8
DA:125,8
DA:126,8
DA:130,8
DA:131,6
DA:133,1
DA:134,0
DA:137,1
DA:141,8
DA:142,8
DA:144,0
DA:146,0
DA:147,0
DA:148,0
DA:149,0
DA:152,0
DA:154,0
DA:155,0
DA:159,8
DA:160,6
DA:161,0
DA:162,0
DA:163,0
DA:165,0
DA:170,0
DA:173,0
DA:178,8
DA:179,8
DA:180,8
DA:181,8
DA:183,8
DA:193,0
DA:202,0
DA:203,0
DA:223,0
DA:226,0
DA:237,0
DA:238,0
DA:239,0
DA:255,0
DA:259,0
DA:260,0
DA:262,0
DA:263,0
DA:268,0
DA:280,0
DA:281,0
DA:282,0
DA:295,0
DA:301,0
DA:302,0
DA:303,0
DA:334,0
DA:335,0
DA:345,0
DA:346,0
DA:356,0
DA:357,0
DA:367,0
DA:368,0
DA:378,0
DA:379,0
DA:389,0
DA:390,0
DA:400,0
DA:401,0
DA:430,0
DA:435,0
DA:469,1
LF:134
LH:68
BRDA:36,0,0,0
BRDA:36,0,1,0
BRDA:38,1,0,0
BRDA:38,1,1,0
BRDA:47,2,0,0
BRDA:76,3,0,1
BRDA:76,3,1,0
BRDA:102,4,0,0
BRDA:102,4,1,0
BRDA:112,5,0,0
BRDA:112,5,1,0
BRDA:131,6,0,5
BRDA:131,6,1,1
BRDA:131,7,0,6
BRDA:131,7,1,1
BRDA:142,8,0,8
BRDA:142,8,1,0
BRDA:142,9,0,8
BRDA:142,9,1,8
BRDA:160,10,0,0
BRDA:160,10,1,6
BRDA:160,11,0,6
BRDA:160,11,1,1
BRDA:186,12,0,8
BRDA:186,12,1,1
BRDA:188,13,0,1
BRDA:188,13,1,0
BRDA:190,14,0,1
BRDA:190,14,1,0
BRDA:192,15,0,1
BRDA:192,15,1,0
BRDA:207,16,0,8
BRDA:207,16,1,0
BRDA:217,17,0,8
BRDA:217,17,1,0
BRDA:225,18,0,0
BRDA:225,18,1,0
BRDA:249,19,0,8
BRDA:249,19,1,0
BRDA:257,20,0,0
BRDA:257,20,1,0
BRDA:262,21,0,0
BRDA:262,21,1,0
BRDA:264,22,0,0
BRDA:264,22,1,0
BRDA:310,23,0,8
BRDA:310,23,1,0
BRDA:322,24,0,0
BRDA:322,24,1,8
BRDA:323,25,0,0
BRDA:323,25,1,0
BRDA:337,26,0,8
BRDA:337,26,1,0
BRDA:339,27,0,0
BRDA:339,27,1,8
BRDA:348,28,0,8
BRDA:348,28,1,0
BRDA:359,29,0,8
BRDA:359,29,1,0
BRDA:361,30,0,0
BRDA:361,30,1,8
BRDA:370,31,0,8
BRDA:370,31,1,0
BRDA:372,32,0,0
BRDA:372,32,1,8
BRDA:381,33,0,8
BRDA:381,33,1,0
BRDA:381,33,2,0
BRDA:383,34,0,0
BRDA:383,34,1,8
BRDA:392,35,0,8
BRDA:392,35,1,0
BRDA:394,36,0,0
BRDA:394,36,1,8
BRDA:403,37,0,8
BRDA:403,37,1,0
BRDA:405,38,0,0
BRDA:405,38,1,8
BRDA:410,39,0,8
BRDA:410,39,1,1
BRDA:410,39,2,1
BRDA:410,39,3,0
BRDA:410,39,4,0
BRDA:410,39,5,1
BRDA:415,40,0,1
BRDA:415,40,1,1
BRDA:418,41,0,0
BRDA:418,41,1,1
BRDA:419,42,0,0
BRDA:419,42,1,1
BRDA:425,43,0,0
BRDA:425,43,1,1
BRDA:427,44,0,1
BRDA:427,44,1,0
BRDA:434,45,0,1
BRDA:434,45,1,1
BRDA:434,45,2,1
BRDA:445,46,0,8
BRDA:445,46,1,1
BRDA:445,46,2,0
BRDA:446,47,0,1
BRDA:446,47,1,1
BRDA:446,47,2,0
BRDA:446,47,3,0
BRDA:452,48,0,0
BRDA:452,48,1,0
BRDA:465,49,0,7
BRDA:465,49,1,1
BRF:108
BRH:53
end_of_record
TN:
SF:src\Components\Home\HomePage.jsx
FN:7,(anonymous_0)
FN:18,(anonymous_1)
FN:32,(anonymous_2)
FN:44,(anonymous_3)
FN:94,(anonymous_4)
FN:111,(anonymous_5)
FN:125,(anonymous_6)
FNF:7
FNH:3
FNDA:3,(anonymous_0)
FNDA:0,(anonymous_1)
FNDA:2,(anonymous_2)
FNDA:1,(anonymous_3)
FNDA:0,(anonymous_4)
FNDA:0,(anonymous_5)
FNDA:0,(anonymous_6)
DA:7,1
DA:8,3
DA:9,3
DA:11,3
DA:12,3
DA:13,3
DA:15,3
DA:16,3
DA:18,3
DA:19,0
DA:20,0
DA:22,0
DA:23,0
DA:25,0
DA:28,0
DA:32,3
DA:33,2
DA:34,2
DA:36,2
DA:37,1
DA:40,1
DA:41,1
DA:42,1
DA:43,1
DA:44,1
DA:45,1
DA:46,1
DA:48,0
DA:52,0
DA:53,0
DA:56,1
DA:60,3
DA:95,0
DA:96,0
DA:112,0
DA:113,0
DA:125,0
LF:37
LH:23
BRDA:22,0,0,0
BRDA:22,0,1,0
BRDA:36,1,0,1
BRDA:36,1,1,1
BRDA:41,2,0,1
BRDA:41,2,1,0
BRDA:41,3,0,1
BRDA:41,3,1,1
BRDA:45,4,0,1
BRDA:45,4,1,0
BRDA:48,5,0,0
BRDA:48,5,1,0
BRDA:103,6,0,3
BRDA:103,6,1,0
BRDA:108,7,0,0
BRDA:108,7,1,0
BRDA:112,8,0,0
BRDA:112,8,1,0
BRF:18
BRH:7
end_of_record
TN:
SF:src\Components\Lobby\Lobby.jsx
FN:11,(anonymous_0)
FN:18,(anonymous_1)
FN:27,(anonymous_2)
FN:30,(anonymous_3)
FN:36,(anonymous_4)
FN:37,(anonymous_5)
FN:43,(anonymous_6)
FN:44,(anonymous_7)
FN:46,(anonymous_8)
FN:50,(anonymous_9)
FN:55,(anonymous_10)
FN:62,(anonymous_11)
FN:65,(anonymous_12)
FN:74,(anonymous_13)
FN:79,(anonymous_14)
FN:98,(anonymous_15)
FN:107,(anonymous_16)
FN:109,(anonymous_17)
FN:110,(anonymous_18)
FN:122,(anonymous_19)
FN:135,(anonymous_20)
FNF:21
FNH:14
FNDA:11,(anonymous_0)
FNDA:5,(anonymous_1)
FNDA:5,(anonymous_2)
FNDA:5,(anonymous_3)
FNDA:5,(anonymous_4)
FNDA:0,(anonymous_5)
FNDA:11,(anonymous_6)
FNDA:1,(anonymous_7)
FNDA:1,(anonymous_8)
FNDA:1,(anonymous_9)
FNDA:11,(anonymous_10)
FNDA:5,(anonymous_11)
FNDA:0,(anonymous_12)
FNDA:0,(anonymous_13)
FNDA:1,(anonymous_14)
FNDA:0,(anonymous_15)
FNDA:0,(anonymous_16)
FNDA:0,(anonymous_17)
FNDA:0,(anonymous_18)
FNDA:5,(anonymous_19)
FNDA:1,(anonymous_20)
DA:11,1
DA:12,11
DA:13,11
DA:14,11
DA:15,11
DA:17,11
DA:18,11
DA:19,11
DA:20,11
DA:22,11
DA:23,11
DA:25,11
DA:27,11
DA:28,5
DA:29,5
DA:31,5
DA:32,0
DA:34,5
DA:36,5
DA:37,0
DA:39,0
DA:43,11
DA:44,11
DA:45,1
DA:46,1
DA:47,1
DA:50,11
DA:51,1
DA:52,1
DA:55,11
DA:56,11
DA:57,11
DA:62,11
DA:63,5
DA:64,5
DA:65,0
DA:67,5
DA:74,11
DA:75,0
DA:79,11
DA:80,1
DA:81,1
DA:84,11
DA:98,0
DA:108,0
DA:109,0
DA:111,0
DA:112,0
DA:123,5
DA:136,1
DA:137,1
DA:138,1
LF:52
LH:42
BRDA:18,0,0,11
BRDA:18,0,1,5
BRDA:28,1,0,5
BRDA:28,1,1,0
BRDA:31,2,0,0
BRDA:31,2,1,5
BRDA:47,3,0,1
BRDA:47,3,1,1
BRDA:63,4,0,5
BRDA:63,4,1,0
BRDA:64,5,0,0
BRDA:64,5,1,5
BRDA:99,6,0,0
BRDA:99,6,1,11
BRDA:101,7,0,0
BRDA:101,7,1,11
BRDA:125,8,0,2
BRDA:125,8,1,3
BRDA:127,9,0,2
BRDA:127,9,1,3
BRDA:136,10,0,0
BRDA:136,10,1,1
BRDA:141,11,0,1
BRDA:141,11,1,10
BRDA:148,12,0,11
BRDA:148,12,1,2
BRDA:150,13,0,2
BRDA:150,13,1,9
BRF:28
BRH:21
end_of_record
TN:
SF:src\Components\PlayerStation\PlayerStation.jsx
FN:5,PlayerStation
FN:6,(anonymous_1)
FN:21,(anonymous_2)
FN:26,(anonymous_3)
FNF:4
FNH:0
FNDA:0,PlayerStation
FNDA:0,(anonymous_1)
FNDA:0,(anonymous_2)
FNDA:0,(anonymous_3)
DA:6,0
DA:7,0
DA:8,0
DA:12,0
DA:22,0
DA:27,0
LF:6
LH:0
BRDA:7,0,0,0
BRDA:7,0,1,0
BRDA:7,1,0,0
BRDA:7,1,1,0
BRDA:14,2,0,0
BRDA:14,2,1,0
BRDA:14,3,0,0
BRDA:14,3,1,0
BRDA:20,4,0,0
BRDA:20,4,1,0
BRDA:25,5,0,0
BRDA:25,5,1,0
BRF:12
BRH:0
end_of_record
TN:
SF:src\Components\Wallet\Wallet.jsx
FN:4,Wallet
FNF:1
FNH:0
FNDA:0,Wallet
DA:6,0
LF:1
LH:0
BRF:0
BRH:0
end_of_record
