TN:
SF:src\Components\Home\HomePage.jsx
FN:6,(anonymous_0)
FN:14,(anonymous_1)
FN:26,(anonymous_2)
FNF:3
FNH:3
FNDA:4,(anonymous_0)
FNDA:2,(anonymous_1)
FNDA:1,(anonymous_2)
DA:6,1
DA:7,4
DA:8,4
DA:10,4
DA:11,4
DA:12,4
DA:14,4
DA:15,2
DA:16,2
DA:18,2
DA:19,1
DA:22,1
DA:23,1
DA:24,1
DA:25,1
DA:26,1
DA:27,1
DA:28,1
DA:30,0
DA:34,0
DA:35,0
DA:38,1
DA:39,1
DA:43,4
LF:24
LH:21
BRDA:18,0,0,1
BRDA:18,0,1,1
BRDA:23,1,0,1
BRDA:23,1,1,0
BRDA:23,2,0,1
BRDA:23,2,1,1
BRDA:27,3,0,1
BRDA:27,3,1,0
BRDA:30,4,0,0
BRDA:30,4,1,0
BRF:10
BRH:6
end_of_record
