<?xml version="1.0" encoding="UTF-8"?>
<coverage generated="1745289660940" clover="3.2.0">
  <project timestamp="1745289660940" name="All files">
    <metrics statements="93" coveredstatements="82" conditionals="39" coveredconditionals="29" methods="11" coveredmethods="10" elements="143" coveredelements="121" complexity="0" loc="93" ncloc="93" packages="1" files="1" classes="1"/>
    <file name="coupGame.js" path="C:\Users\allie\OneDrive\Documents\GitHub\Coup2\server\game\coupGame.js">
      <metrics statements="93" coveredstatements="82" conditionals="39" coveredconditionals="29" methods="11" coveredmethods="10"/>
      <line num="1" count="1" type="stmt"/>
      <line num="2" count="1" type="stmt"/>
      <line num="6" count="17" type="stmt"/>
      <line num="7" count="17" type="stmt"/>
      <line num="8" count="17" type="stmt"/>
      <line num="9" count="17" type="stmt"/>
      <line num="10" count="17" type="stmt"/>
      <line num="11" count="17" type="stmt"/>
      <line num="12" count="17" type="stmt"/>
      <line num="13" count="17" type="stmt"/>
      <line num="14" count="17" type="stmt"/>
      <line num="15" count="17" type="stmt"/>
      <line num="16" count="17" type="stmt"/>
      <line num="17" count="17" type="stmt"/>
      <line num="19" count="17" type="stmt"/>
      <line num="20" count="17" type="stmt"/>
      <line num="22" count="17" type="stmt"/>
      <line num="23" count="34" type="stmt"/>
      <line num="24" count="34" type="stmt"/>
      <line num="30" count="10" type="stmt"/>
      <line num="31" count="10" type="stmt"/>
      <line num="32" count="1" type="stmt"/>
      <line num="34" count="10" type="stmt"/>
      <line num="38" count="5" type="cond" truecount="1" falsecount="1"/>
      <line num="40" count="5" type="stmt"/>
      <line num="41" count="0" type="stmt"/>
      <line num="47" count="11" type="stmt"/>
      <line num="49" count="11" type="stmt"/>
      <line num="50" count="11" type="cond" truecount="1" falsecount="1"/>
      <line num="52" count="11" type="cond" truecount="2" falsecount="0"/>
      <line num="54" count="11" type="cond" truecount="7" falsecount="0"/>
      <line num="56" count="1" type="stmt"/>
      <line num="57" count="1" type="stmt"/>
      <line num="58" count="1" type="stmt"/>
      <line num="61" count="1" type="stmt"/>
      <line num="62" count="1" type="stmt"/>
      <line num="63" count="1" type="stmt"/>
      <line num="66" count="2" type="stmt"/>
      <line num="73" count="2" type="stmt"/>
      <line num="74" count="2" type="stmt"/>
      <line num="75" count="2" type="stmt"/>
      <line num="76" count="2" type="stmt"/>
      <line num="80" count="2" type="cond" truecount="5" falsecount="0"/>
      <line num="81" count="1" type="stmt"/>
      <line num="82" count="1" type="stmt"/>
      <line num="83" count="1" type="cond" truecount="1" falsecount="1"/>
      <line num="84" count="1" type="stmt"/>
      <line num="85" count="1" type="stmt"/>
      <line num="88" count="3" type="cond" truecount="3" falsecount="1"/>
      <line num="90" count="3" type="stmt"/>
      <line num="98" count="3" type="stmt"/>
      <line num="99" count="3" type="stmt"/>
      <line num="100" count="3" type="stmt"/>
      <line num="101" count="3" type="stmt"/>
      <line num="104" count="1" type="cond" truecount="2" falsecount="3"/>
      <line num="106" count="0" type="stmt"/>
      <line num="114" count="0" type="stmt"/>
      <line num="115" count="0" type="stmt"/>
      <line num="116" count="0" type="stmt"/>
      <line num="117" count="0" type="stmt"/>
      <line num="120" count="1" type="stmt"/>
      <line num="123" count="3" type="stmt"/>
      <line num="125" count="3" type="stmt"/>
      <line num="126" count="3" type="stmt"/>
      <line num="130" count="5" type="stmt"/>
      <line num="131" count="5" type="stmt"/>
      <line num="132" count="5" type="cond" truecount="2" falsecount="0"/>
      <line num="134" count="5" type="stmt"/>
      <line num="135" count="5" type="stmt"/>
      <line num="137" count="5" type="cond" truecount="2" falsecount="1"/>
      <line num="139" count="3" type="stmt"/>
      <line num="140" count="3" type="stmt"/>
      <line num="141" count="3" type="stmt"/>
      <line num="142" count="3" type="stmt"/>
      <line num="143" count="3" type="stmt"/>
      <line num="146" count="0" type="stmt"/>
      <line num="147" count="0" type="stmt"/>
      <line num="148" count="0" type="cond" truecount="0" falsecount="2"/>
      <line num="149" count="0" type="stmt"/>
      <line num="150" count="0" type="stmt"/>
      <line num="153" count="2" type="stmt"/>
      <line num="154" count="2" type="stmt"/>
      <line num="155" count="2" type="stmt"/>
      <line num="158" count="5" type="stmt"/>
      <line num="159" count="5" type="stmt"/>
      <line num="163" count="3" type="stmt"/>
      <line num="164" count="6" type="stmt"/>
      <line num="166" count="6" type="cond" truecount="2" falsecount="0"/>
      <line num="167" count="3" type="stmt"/>
      <line num="174" count="3" type="stmt"/>
      <line num="177" count="6" type="stmt"/>
      <line num="183" count="3" type="stmt"/>
      <line num="187" count="1" type="stmt"/>
    </file>
  </project>
</coverage>
