{"C:\\Users\\allie\\OneDrive\\Documents\\GitHub\\Coup2\\server\\game\\coupGame.js": {"path":"C:\\Users\\allie\\OneDrive\\Documents\\GitHub\\Coup2\\server\\game\\coupGame.js","statementMap":{"0":{"start":{"line":1,"column":112},"end":{"line":1,"column":140}},"1":{"start":{"line":2,"column":20},"end":{"line":2,"column":48}},"2":{"start":{"line":6,"column":4},"end":{"line":6,"column":53}},"3":{"start":{"line":7,"column":4},"end":{"line":7,"column":51}},"4":{"start":{"line":8,"column":4},"end":{"line":8,"column":41}},"5":{"start":{"line":9,"column":4},"end":{"line":9,"column":30}},"6":{"start":{"line":10,"column":4},"end":{"line":10,"column":27}},"7":{"start":{"line":11,"column":4},"end":{"line":11,"column":37}},"8":{"start":{"line":12,"column":4},"end":{"line":12,"column":27}},"9":{"start":{"line":13,"column":4},"end":{"line":13,"column":17}},"10":{"start":{"line":14,"column":4},"end":{"line":14,"column":31}},"11":{"start":{"line":15,"column":4},"end":{"line":15,"column":33}},"12":{"start":{"line":16,"column":4},"end":{"line":16,"column":37}},"13":{"start":{"line":17,"column":4},"end":{"line":17,"column":31}},"14":{"start":{"line":19,"column":4},"end":{"line":19,"column":70}},"15":{"start":{"line":19,"column":30},"end":{"line":19,"column":69}},"16":{"start":{"line":20,"column":4},"end":{"line":20,"column":64}},"17":{"start":{"line":20,"column":33},"end":{"line":20,"column":63}},"18":{"start":{"line":22,"column":4},"end":{"line":25,"column":5}},"19":{"start":{"line":23,"column":6},"end":{"line":23,"column":46}},"20":{"start":{"line":24,"column":6},"end":{"line":24,"column":46}},"21":{"start":{"line":30,"column":15},"end":{"line":30,"column":61}},"22":{"start":{"line":31,"column":4},"end":{"line":33,"column":5}},"23":{"start":{"line":32,"column":6},"end":{"line":32,"column":46}},"24":{"start":{"line":34,"column":4},"end":{"line":34,"column":30}},"25":{"start":{"line":38,"column":4},"end":{"line":38,"column":63}},"26":{"start":{"line":38,"column":29},"end":{"line":38,"column":63}},"27":{"start":{"line":40,"column":4},"end":{"line":42,"column":14}},"28":{"start":{"line":41,"column":6},"end":{"line":41,"column":39}},"29":{"start":{"line":47,"column":4},"end":{"line":47,"column":67}},"30":{"start":{"line":49,"column":19},"end":{"line":49,"column":51}},"31":{"start":{"line":50,"column":4},"end":{"line":50,"column":30}},"32":{"start":{"line":50,"column":23},"end":{"line":50,"column":30}},"33":{"start":{"line":52,"column":19},"end":{"line":52,"column":82}},"34":{"start":{"line":54,"column":4},"end":{"line":121,"column":5}},"35":{"start":{"line":56,"column":8},"end":{"line":56,"column":26}},"36":{"start":{"line":57,"column":8},"end":{"line":57,"column":65}},"37":{"start":{"line":58,"column":8},"end":{"line":58,"column":14}},"38":{"start":{"line":61,"column":8},"end":{"line":61,"column":26}},"39":{"start":{"line":62,"column":8},"end":{"line":62,"column":71}},"40":{"start":{"line":63,"column":8},"end":{"line":63,"column":14}},"41":{"start":{"line":66,"column":10},"end":{"line":71,"column":12}},"42":{"start":{"line":73,"column":10},"end":{"line":73,"column":42}},"43":{"start":{"line":74,"column":10},"end":{"line":74,"column":104}},"44":{"start":{"line":75,"column":10},"end":{"line":75,"column":37}},"45":{"start":{"line":76,"column":10},"end":{"line":76,"column":17}},"46":{"start":{"line":80,"column":8},"end":{"line":80,"column":65}},"47":{"start":{"line":80,"column":58},"end":{"line":80,"column":65}},"48":{"start":{"line":81,"column":8},"end":{"line":81,"column":26}},"49":{"start":{"line":82,"column":25},"end":{"line":82,"column":48}},"50":{"start":{"line":83,"column":8},"end":{"line":83,"column":65}},"51":{"start":{"line":83,"column":44},"end":{"line":83,"column":65}},"52":{"start":{"line":84,"column":8},"end":{"line":84,"column":89}},"53":{"start":{"line":85,"column":8},"end":{"line":85,"column":14}},"54":{"start":{"line":88,"column":10},"end":{"line":88,"column":47}},"55":{"start":{"line":88,"column":40},"end":{"line":88,"column":47}},"56":{"start":{"line":90,"column":10},"end":{"line":96,"column":12}},"57":{"start":{"line":98,"column":10},"end":{"line":98,"column":42}},"58":{"start":{"line":99,"column":10},"end":{"line":99,"column":107}},"59":{"start":{"line":100,"column":10},"end":{"line":100,"column":37}},"60":{"start":{"line":101,"column":10},"end":{"line":101,"column":17}},"61":{"start":{"line":104,"column":12},"end":{"line":104,"column":69}},"62":{"start":{"line":104,"column":62},"end":{"line":104,"column":69}},"63":{"start":{"line":106,"column":12},"end":{"line":112,"column":14}},"64":{"start":{"line":114,"column":12},"end":{"line":114,"column":44}},"65":{"start":{"line":115,"column":12},"end":{"line":115,"column":110}},"66":{"start":{"line":116,"column":12},"end":{"line":116,"column":39}},"67":{"start":{"line":117,"column":12},"end":{"line":117,"column":19}},"68":{"start":{"line":120,"column":8},"end":{"line":120,"column":15}},"69":{"start":{"line":123,"column":4},"end":{"line":123,"column":65}},"70":{"start":{"line":125,"column":4},"end":{"line":125,"column":19}},"71":{"start":{"line":126,"column":4},"end":{"line":126,"column":27}},"72":{"start":{"line":130,"column":38},"end":{"line":130,"column":59}},"73":{"start":{"line":131,"column":24},"end":{"line":131,"column":62}},"74":{"start":{"line":132,"column":25},"end":{"line":132,"column":80}},"75":{"start":{"line":134,"column":4},"end":{"line":134,"column":33}},"76":{"start":{"line":135,"column":4},"end":{"line":135,"column":37}},"77":{"start":{"line":137,"column":4},"end":{"line":156,"column":5}},"78":{"start":{"line":139,"column":23},"end":{"line":139,"column":54}},"79":{"start":{"line":140,"column":8},"end":{"line":140,"column":37}},"80":{"start":{"line":141,"column":8},"end":{"line":141,"column":36}},"81":{"start":{"line":142,"column":8},"end":{"line":142,"column":89}},"82":{"start":{"line":143,"column":8},"end":{"line":143,"column":14}},"83":{"start":{"line":146,"column":8},"end":{"line":146,"column":31}},"84":{"start":{"line":147,"column":21},"end":{"line":147,"column":50}},"85":{"start":{"line":148,"column":8},"end":{"line":148,"column":77}},"86":{"start":{"line":148,"column":50},"end":{"line":148,"column":77}},"87":{"start":{"line":149,"column":8},"end":{"line":149,"column":94}},"88":{"start":{"line":150,"column":8},"end":{"line":150,"column":14}},"89":{"start":{"line":153,"column":8},"end":{"line":153,"column":31}},"90":{"start":{"line":154,"column":8},"end":{"line":154,"column":73}},"91":{"start":{"line":155,"column":8},"end":{"line":155,"column":14}},"92":{"start":{"line":158,"column":4},"end":{"line":158,"column":19}},"93":{"start":{"line":159,"column":4},"end":{"line":159,"column":27}},"94":{"start":{"line":163,"column":23},"end":{"line":181,"column":6}},"95":{"start":{"line":164,"column":21},"end":{"line":164,"column":65}},"96":{"start":{"line":166,"column":6},"end":{"line":180,"column":7}},"97":{"start":{"line":167,"column":8},"end":{"line":172,"column":10}},"98":{"start":{"line":174,"column":8},"end":{"line":179,"column":10}},"99":{"start":{"line":177,"column":56},"end":{"line":177,"column":66}},"100":{"start":{"line":183,"column":4},"end":{"line":183,"column":22}},"101":{"start":{"line":187,"column":0},"end":{"line":187,"column":22}}},"fnMap":{"0":{"name":"(anonymous_0)","decl":{"start":{"line":5,"column":2},"end":{"line":5,"column":3}},"loc":{"start":{"line":5,"column":47},"end":{"line":26,"column":3}},"line":5},"1":{"name":"(anonymous_1)","decl":{"start":{"line":19,"column":21},"end":{"line":19,"column":22}},"loc":{"start":{"line":19,"column":30},"end":{"line":19,"column":69}},"line":19},"2":{"name":"(anonymous_2)","decl":{"start":{"line":20,"column":27},"end":{"line":20,"column":28}},"loc":{"start":{"line":20,"column":33},"end":{"line":20,"column":63}},"line":20},"3":{"name":"(anonymous_3)","decl":{"start":{"line":29,"column":2},"end":{"line":29,"column":3}},"loc":{"start":{"line":29,"column":12},"end":{"line":35,"column":3}},"line":29},"4":{"name":"(anonymous_4)","decl":{"start":{"line":37,"column":2},"end":{"line":37,"column":3}},"loc":{"start":{"line":37,"column":24},"end":{"line":43,"column":3}},"line":37},"5":{"name":"(anonymous_5)","decl":{"start":{"line":40,"column":37},"end":{"line":40,"column":38}},"loc":{"start":{"line":40,"column":43},"end":{"line":42,"column":5}},"line":40},"6":{"name":"(anonymous_6)","decl":{"start":{"line":46,"column":2},"end":{"line":46,"column":3}},"loc":{"start":{"line":46,"column":42},"end":{"line":127,"column":3}},"line":46},"7":{"name":"(anonymous_7)","decl":{"start":{"line":129,"column":2},"end":{"line":129,"column":3}},"loc":{"start":{"line":129,"column":30},"end":{"line":160,"column":3}},"line":129},"8":{"name":"(anonymous_8)","decl":{"start":{"line":162,"column":2},"end":{"line":162,"column":3}},"loc":{"start":{"line":162,"column":26},"end":{"line":184,"column":3}},"line":162},"9":{"name":"(anonymous_9)","decl":{"start":{"line":163,"column":40},"end":{"line":163,"column":41}},"loc":{"start":{"line":163,"column":52},"end":{"line":181,"column":5}},"line":163},"10":{"name":"(anonymous_10)","decl":{"start":{"line":177,"column":51},"end":{"line":177,"column":52}},"loc":{"start":{"line":177,"column":56},"end":{"line":177,"column":66}},"line":177}},"branchMap":{"0":{"loc":{"start":{"line":38,"column":4},"end":{"line":38,"column":63}},"type":"if","locations":[{"start":{"line":38,"column":4},"end":{"line":38,"column":63}},{"start":{},"end":{}}],"line":38},"1":{"loc":{"start":{"line":46,"column":23},"end":{"line":46,"column":40}},"type":"default-arg","locations":[{"start":{"line":46,"column":36},"end":{"line":46,"column":40}}],"line":46},"2":{"loc":{"start":{"line":50,"column":4},"end":{"line":50,"column":30}},"type":"if","locations":[{"start":{"line":50,"column":4},"end":{"line":50,"column":30}},{"start":{},"end":{}}],"line":50},"3":{"loc":{"start":{"line":52,"column":19},"end":{"line":52,"column":82}},"type":"cond-expr","locations":[{"start":{"line":52,"column":32},"end":{"line":52,"column":75}},{"start":{"line":52,"column":78},"end":{"line":52,"column":82}}],"line":52},"4":{"loc":{"start":{"line":54,"column":4},"end":{"line":121,"column":5}},"type":"switch","locations":[{"start":{"line":55,"column":6},"end":{"line":58,"column":14}},{"start":{"line":60,"column":6},"end":{"line":63,"column":14}},{"start":{"line":65,"column":8},"end":{"line":76,"column":17}},{"start":{"line":79,"column":6},"end":{"line":85,"column":14}},{"start":{"line":87,"column":8},"end":{"line":101,"column":17}},{"start":{"line":103,"column":10},"end":{"line":117,"column":19}},{"start":{"line":119,"column":6},"end":{"line":120,"column":15}}],"line":54},"5":{"loc":{"start":{"line":80,"column":8},"end":{"line":80,"column":65}},"type":"if","locations":[{"start":{"line":80,"column":8},"end":{"line":80,"column":65}},{"start":{},"end":{}}],"line":80},"6":{"loc":{"start":{"line":80,"column":12},"end":{"line":80,"column":56}},"type":"binary-expr","locations":[{"start":{"line":80,"column":12},"end":{"line":80,"column":28}},{"start":{"line":80,"column":32},"end":{"line":80,"column":39}},{"start":{"line":80,"column":43},"end":{"line":80,"column":56}}],"line":80},"7":{"loc":{"start":{"line":83,"column":8},"end":{"line":83,"column":65}},"type":"if","locations":[{"start":{"line":83,"column":8},"end":{"line":83,"column":65}},{"start":{},"end":{}}],"line":83},"8":{"loc":{"start":{"line":88,"column":10},"end":{"line":88,"column":47}},"type":"if","locations":[{"start":{"line":88,"column":10},"end":{"line":88,"column":47}},{"start":{},"end":{}}],"line":88},"9":{"loc":{"start":{"line":88,"column":14},"end":{"line":88,"column":38}},"type":"binary-expr","locations":[{"start":{"line":88,"column":14},"end":{"line":88,"column":21}},{"start":{"line":88,"column":25},"end":{"line":88,"column":38}}],"line":88},"10":{"loc":{"start":{"line":104,"column":12},"end":{"line":104,"column":69}},"type":"if","locations":[{"start":{"line":104,"column":12},"end":{"line":104,"column":69}},{"start":{},"end":{}}],"line":104},"11":{"loc":{"start":{"line":104,"column":16},"end":{"line":104,"column":60}},"type":"binary-expr","locations":[{"start":{"line":104,"column":16},"end":{"line":104,"column":32}},{"start":{"line":104,"column":36},"end":{"line":104,"column":43}},{"start":{"line":104,"column":47},"end":{"line":104,"column":60}}],"line":104},"12":{"loc":{"start":{"line":132,"column":25},"end":{"line":132,"column":80}},"type":"cond-expr","locations":[{"start":{"line":132,"column":34},"end":{"line":132,"column":73}},{"start":{"line":132,"column":76},"end":{"line":132,"column":80}}],"line":132},"13":{"loc":{"start":{"line":137,"column":4},"end":{"line":156,"column":5}},"type":"switch","locations":[{"start":{"line":138,"column":6},"end":{"line":143,"column":14}},{"start":{"line":145,"column":6},"end":{"line":150,"column":14}},{"start":{"line":152,"column":6},"end":{"line":155,"column":14}}],"line":137},"14":{"loc":{"start":{"line":148,"column":8},"end":{"line":148,"column":77}},"type":"if","locations":[{"start":{"line":148,"column":8},"end":{"line":148,"column":77}},{"start":{},"end":{}}],"line":148},"15":{"loc":{"start":{"line":166,"column":6},"end":{"line":180,"column":7}},"type":"if","locations":[{"start":{"line":166,"column":6},"end":{"line":180,"column":7}},{"start":{"line":173,"column":13},"end":{"line":180,"column":7}}],"line":166}},"s":{"0":1,"1":1,"2":17,"3":17,"4":17,"5":17,"6":17,"7":17,"8":17,"9":17,"10":17,"11":17,"12":17,"13":17,"14":17,"15":13,"16":17,"17":8,"18":17,"19":34,"20":34,"21":10,"22":10,"23":1,"24":10,"25":5,"26":0,"27":5,"28":0,"29":11,"30":11,"31":11,"32":0,"33":11,"34":11,"35":1,"36":1,"37":1,"38":1,"39":1,"40":1,"41":2,"42":2,"43":2,"44":2,"45":2,"46":2,"47":1,"48":1,"49":1,"50":1,"51":0,"52":1,"53":1,"54":3,"55":0,"56":3,"57":3,"58":3,"59":3,"60":3,"61":1,"62":1,"63":0,"64":0,"65":0,"66":0,"67":0,"68":1,"69":3,"70":3,"71":3,"72":5,"73":5,"74":5,"75":5,"76":5,"77":5,"78":3,"79":3,"80":3,"81":3,"82":3,"83":0,"84":0,"85":0,"86":0,"87":0,"88":0,"89":2,"90":2,"91":2,"92":5,"93":5,"94":3,"95":6,"96":6,"97":3,"98":3,"99":6,"100":3,"101":1},"f":{"0":17,"1":13,"2":8,"3":10,"4":5,"5":0,"6":11,"7":5,"8":3,"9":6,"10":6},"b":{"0":[0,5],"1":[5],"2":[0,11],"3":[6,5],"4":[1,1,2,2,3,1,1],"5":[1,1],"6":[2,1,1],"7":[0,1],"8":[0,3],"9":[3,3],"10":[1,0],"11":[1,0,0],"12":[3,2],"13":[3,0,2],"14":[0,0],"15":[3,3]},"_coverageSchema":"1a1c01bbd47fc00a2c39e90264f33305004495a9","hash":"2951ba6cc93c87ae093f554a4a0e6fb160fbf084"}
}
