TN:
SF:server\game\coupGame.js
FN:5,(anonymous_0)
FN:19,(anonymous_1)
FN:20,(anonymous_2)
FN:29,(anonymous_3)
FN:37,(anonymous_4)
FN:40,(anonymous_5)
FN:46,(anonymous_6)
FN:129,(anonymous_7)
FN:163,(anonymous_8)
FN:164,(anonymous_9)
FN:178,(anonymous_10)
FNF:11
FNH:10
FNDA:17,(anonymous_0)
FNDA:13,(anonymous_1)
FNDA:8,(anonymous_2)
FNDA:10,(anonymous_3)
FNDA:5,(anonymous_4)
FNDA:0,(anonymous_5)
FNDA:11,(anonymous_6)
FNDA:5,(anonymous_7)
FNDA:3,(anonymous_8)
FNDA:6,(anonymous_9)
FNDA:6,(anonymous_10)
DA:1,1
DA:2,1
DA:6,17
DA:7,17
DA:8,17
DA:9,17
DA:10,17
DA:11,17
DA:12,17
DA:13,17
DA:14,17
DA:15,17
DA:16,17
DA:17,17
DA:19,17
DA:20,17
DA:22,17
DA:23,34
DA:24,34
DA:30,10
DA:31,10
DA:32,1
DA:34,10
DA:38,5
DA:40,5
DA:41,0
DA:47,11
DA:49,11
DA:50,11
DA:52,11
DA:54,11
DA:56,1
DA:57,1
DA:58,1
DA:61,1
DA:62,1
DA:63,1
DA:66,2
DA:73,2
DA:74,2
DA:75,2
DA:76,2
DA:80,2
DA:81,1
DA:82,1
DA:83,1
DA:84,1
DA:85,1
DA:88,3
DA:90,3
DA:98,3
DA:99,3
DA:100,3
DA:101,3
DA:104,1
DA:106,0
DA:114,0
DA:115,0
DA:116,0
DA:117,0
DA:120,1
DA:123,3
DA:125,3
DA:126,3
DA:130,5
DA:131,5
DA:132,5
DA:133,5
DA:135,5
DA:136,5
DA:138,5
DA:140,3
DA:141,3
DA:142,3
DA:143,3
DA:144,3
DA:147,0
DA:148,0
DA:149,0
DA:150,0
DA:151,0
DA:154,2
DA:155,2
DA:156,2
DA:159,5
DA:160,5
DA:164,3
DA:165,6
DA:167,6
DA:168,3
DA:175,3
DA:178,6
DA:184,3
DA:188,1
LF:94
LH:83
BRDA:38,0,0,0
BRDA:38,0,1,5
BRDA:46,1,0,5
BRDA:50,2,0,0
BRDA:50,2,1,11
BRDA:52,3,0,6
BRDA:52,3,1,5
BRDA:54,4,0,1
BRDA:54,4,1,1
BRDA:54,4,2,2
BRDA:54,4,3,2
BRDA:54,4,4,3
BRDA:54,4,5,1
BRDA:54,4,6,1
BRDA:80,5,0,1
BRDA:80,5,1,1
BRDA:80,6,0,2
BRDA:80,6,1,1
BRDA:80,6,2,1
BRDA:83,7,0,0
BRDA:83,7,1,1
BRDA:88,8,0,0
BRDA:88,8,1,3
BRDA:88,9,0,3
BRDA:88,9,1,3
BRDA:104,10,0,1
BRDA:104,10,1,0
BRDA:104,11,0,1
BRDA:104,11,1,0
BRDA:104,11,2,0
BRDA:130,12,0,0
BRDA:130,12,1,5
BRDA:133,13,0,3
BRDA:133,13,1,2
BRDA:138,14,0,3
BRDA:138,14,1,0
BRDA:138,14,2,2
BRDA:149,15,0,0
BRDA:149,15,1,0
BRDA:167,16,0,3
BRDA:167,16,1,3
BRF:41
BRH:30
end_of_record
