TN:
SF:server\game\coupGame.js
FN:5,(anonymous_0)
FN:19,(anonymous_1)
FN:20,(anonymous_2)
FN:29,(anonymous_3)
FN:37,(anonymous_4)
FN:40,(anonymous_5)
FN:46,(anonymous_6)
FN:57,(anonymous_7)
FN:63,(anonymous_8)
FN:103,(anonymous_9)
FN:136,(anonymous_10)
FN:141,(anonymous_11)
FN:144,(anonymous_12)
FN:156,(anonymous_13)
FN:177,(anonymous_14)
FN:195,(anonymous_15)
FN:311,(anonymous_16)
FN:381,(anonymous_17)
FN:382,(anonymous_18)
FN:392,(anonymous_19)
FN:393,(anonymous_20)
FN:407,(anonymous_21)
FNF:22
FNH:11
FNDA:18,(anonymous_0)
FNDA:10,(anonymous_1)
FNDA:1,(anonymous_2)
FNDA:4,(anonymous_3)
FNDA:0,(anonymous_4)
FNDA:0,(anonymous_5)
FNDA:0,(anonymous_6)
FNDA:0,(anonymous_7)
FNDA:0,(anonymous_8)
FNDA:0,(anonymous_9)
FNDA:0,(anonymous_10)
FNDA:0,(anonymous_11)
FNDA:0,(anonymous_12)
FNDA:1,(anonymous_13)
FNDA:0,(anonymous_14)
FNDA:12,(anonymous_15)
FNDA:0,(anonymous_16)
FNDA:1,(anonymous_17)
FNDA:2,(anonymous_18)
FNDA:3,(anonymous_19)
FNDA:6,(anonymous_20)
FNDA:6,(anonymous_21)
DA:1,1
DA:2,1
DA:6,18
DA:7,18
DA:8,18
DA:9,18
DA:10,18
DA:11,18
DA:12,18
DA:13,18
DA:14,18
DA:15,18
DA:16,18
DA:17,18
DA:19,18
DA:20,18
DA:22,18
DA:23,36
DA:24,36
DA:30,4
DA:31,4
DA:32,1
DA:34,4
DA:38,0
DA:40,0
DA:41,0
DA:42,0
DA:47,0
DA:48,0
DA:50,0
DA:51,0
DA:53,0
DA:54,0
DA:56,0
DA:57,0
DA:60,0
DA:62,0
DA:63,0
DA:66,0
DA:67,0
DA:69,0
DA:70,0
DA:72,0
DA:73,0
DA:74,0
DA:75,0
DA:78,0
DA:79,0
DA:80,0
DA:81,0
DA:83,0
DA:88,0
DA:89,0
DA:90,0
DA:92,0
DA:94,0
DA:95,0
DA:96,0
DA:99,0
DA:104,0
DA:106,0
DA:107,0
DA:108,0
DA:109,0
DA:112,0
DA:113,0
DA:114,0
DA:115,0
DA:117,0
DA:118,0
DA:119,0
DA:122,0
DA:130,0
DA:131,0
DA:133,0
DA:137,0
DA:139,0
DA:141,0
DA:142,0
DA:144,0
DA:145,0
DA:146,0
DA:148,0
DA:149,0
DA:151,0
DA:152,0
DA:153,0
DA:157,1
DA:158,1
DA:159,1
DA:160,1
DA:161,0
DA:162,0
DA:163,0
DA:164,0
DA:165,0
DA:166,0
DA:169,1
DA:174,0
DA:178,0
DA:180,0
DA:181,0
DA:182,0
DA:183,0
DA:186,0
DA:187,0
DA:189,0
DA:190,0
DA:191,0
DA:196,12
DA:198,12
DA:199,12
DA:201,12
DA:204,12
DA:205,0
DA:206,0
DA:209,12
DA:211,1
DA:212,1
DA:213,1
DA:216,2
DA:223,2
DA:224,2
DA:225,2
DA:226,0
DA:227,0
DA:230,2
DA:237,2
DA:238,2
DA:239,2
DA:240,0
DA:241,0
DA:244,1
DA:246,1
DA:254,1
DA:255,1
DA:256,1
DA:257,0
DA:258,0
DA:261,3
DA:263,3
DA:271,3
DA:272,3
DA:273,3
DA:274,0
DA:275,0
DA:278,0
DA:285,0
DA:286,0
DA:287,0
DA:288,0
DA:289,0
DA:292,2
DA:293,1
DA:294,1
DA:295,1
DA:296,1
DA:297,1
DA:298,0
DA:301,1
DA:304,1
DA:306,1
DA:307,1
DA:312,0
DA:313,0
DA:314,0
DA:316,0
DA:317,0
DA:319,0
DA:320,0
DA:321,0
DA:322,0
DA:323,0
DA:327,0
DA:329,0
DA:330,0
DA:331,0
DA:332,0
DA:333,0
DA:336,0
DA:337,0
DA:338,0
DA:341,0
DA:342,0
DA:343,0
DA:344,0
DA:345,0
DA:346,0
DA:349,0
DA:350,0
DA:351,0
DA:354,0
DA:355,0
DA:356,0
DA:358,0
DA:359,0
DA:362,0
DA:364,0
DA:371,0
DA:372,0
DA:377,0
DA:378,0
DA:382,2
DA:384,1
DA:385,0
DA:386,0
DA:388,0
DA:393,3
DA:394,6
DA:396,6
DA:397,3
DA:404,3
DA:407,6
DA:413,3
DA:417,1
LF:215
LH:75
BRDA:38,0,0,0
BRDA:38,0,1,0
BRDA:53,1,0,0
BRDA:53,1,1,0
BRDA:56,2,0,0
BRDA:56,2,1,0
BRDA:60,3,0,0
BRDA:60,3,1,0
BRDA:62,4,0,0
BRDA:62,4,1,0
BRDA:69,5,0,0
BRDA:69,5,1,0
BRDA:78,6,0,0
BRDA:78,6,1,0
BRDA:89,7,0,0
BRDA:89,7,1,0
BRDA:104,8,0,0
BRDA:104,8,1,0
BRDA:107,9,0,0
BRDA:107,9,1,0
BRDA:107,10,0,0
BRDA:107,10,1,0
BRDA:113,11,0,0
BRDA:113,11,1,0
BRDA:114,12,0,0
BRDA:114,12,1,0
BRDA:115,13,0,0
BRDA:115,13,1,0
BRDA:117,14,0,0
BRDA:117,14,1,0
BRDA:139,15,0,0
BRDA:139,15,1,0
BRDA:139,16,0,0
BRDA:139,16,1,0
BRDA:142,17,0,0
BRDA:142,17,1,0
BRDA:160,18,0,0
BRDA:160,18,1,1
BRDA:181,19,0,0
BRDA:181,19,1,0
BRDA:187,20,0,0
BRDA:187,20,1,0
BRDA:195,21,0,6
BRDA:199,22,0,0
BRDA:199,22,1,12
BRDA:201,23,0,6
BRDA:201,23,1,6
BRDA:204,24,0,0
BRDA:204,24,1,12
BRDA:204,25,0,12
BRDA:204,25,1,0
BRDA:209,26,0,1
BRDA:209,26,1,2
BRDA:209,26,2,2
BRDA:209,26,3,1
BRDA:209,26,4,3
BRDA:209,26,5,0
BRDA:209,26,6,2
BRDA:209,26,7,1
BRDA:244,27,0,0
BRDA:244,27,1,1
BRDA:244,28,0,1
BRDA:244,28,1,1
BRDA:244,28,2,1
BRDA:261,29,0,0
BRDA:261,29,1,3
BRDA:261,30,0,3
BRDA:261,30,1,3
BRDA:292,31,0,1
BRDA:292,31,1,1
BRDA:292,32,0,2
BRDA:292,32,1,1
BRDA:292,32,2,1
BRDA:294,33,0,0
BRDA:294,33,1,1
BRDA:312,34,0,0
BRDA:312,34,1,0
BRDA:314,35,0,0
BRDA:314,35,1,0
BRDA:319,36,0,0
BRDA:319,36,1,0
BRDA:327,37,0,0
BRDA:327,37,1,0
BRDA:327,37,2,0
BRDA:327,37,3,0
BRDA:327,37,4,0
BRDA:342,38,0,0
BRDA:342,38,1,0
BRDA:355,39,0,0
BRDA:355,39,1,0
BRDA:384,40,0,0
BRDA:384,40,1,1
BRDA:396,41,0,3
BRDA:396,41,1,3
BRF:94
BRH:30
end_of_record
